num_rows_f=20000.000000, training=14000, test=6000

Running ML for column "lettr"
function,runtime_seconds,target_stdev,target_variance,algo,target_is_continuous,target_num_unique,num_rows,target_is_numerical,column_name,test_accuracy,training_accuracy,test_mse,training_mse
run_classifier,18.1121690273,,,LogRC,False,26,14000,False,lettr,0.707666666667,0.7205,,
function,runtime_seconds,target_stdev,target_variance,algo,target_is_continuous,target_num_unique,num_rows,target_is_numerical,column_name,test_accuracy,training_accuracy,test_mse,training_mse
run_classifier,1.28188490868,,,DTC,False,26,14000,False,lettr,0.847,0.970714285714,,
function,runtime_seconds,target_stdev,target_variance,algo,target_is_continuous,target_num_unique,num_rows,target_is_numerical,column_name,test_accuracy,training_accuracy,test_mse,training_mse
run_classifier,3.1651160717,,,RFC,False,26,14000,False,lettr,0.922666666667,0.983,,
function,runtime_seconds,target_stdev,target_variance,algo,target_is_continuous,target_num_unique,num_rows,target_is_numerical,column_name,test_accuracy,training_accuracy,test_mse,training_mse
run_regressor,2.50929188728,,,RFR,False,26,14000,False,lettr,,,7.7206362963,2.62465365079
function,runtime_seconds,target_stdev,target_variance,algo,target_is_continuous,target_num_unique,num_rows,target_is_numerical,column_name,test_accuracy,training_accuracy,test_mse,training_mse
run_regressor,0.0879628658295,,,LinR,False,26,14000,False,lettr,,,40.5066345714,40.071506274

Running ML for column "x-box"
/home/ubuntu/x2/local/lib/python2.7/site-packages/sklearn/utils/validation.py:429: DataConversionWarning: Data with input dtype int64 was converted to float64 by MinMaxScaler.
  warnings.warn(msg, _DataConversionWarning)
function,runtime_seconds,target_stdev,target_variance,algo,target_is_continuous,target_num_unique,num_rows,target_is_numerical,column_name,test_accuracy,training_accuracy,test_mse,training_mse
run_classifier,10.4061589241,0.127489500235,0.0162535726702,LogRC,False,15,14000,True,x-box,0.4795,0.475428571429,,
function,runtime_seconds,target_stdev,target_variance,algo,target_is_continuous,target_num_unique,num_rows,target_is_numerical,column_name,test_accuracy,training_accuracy,test_mse,training_mse
run_classifier,0.8979139328,0.127489500235,0.0162535726702,DTC,False,15,14000,True,x-box,0.687833333333,0.929428571429,,
function,runtime_seconds,target_stdev,target_variance,algo,target_is_continuous,target_num_unique,num_rows,target_is_numerical,column_name,test_accuracy,training_accuracy,test_mse,training_mse
run_classifier,2.40299701691,0.127489500235,0.0162535726702,RFC,False,15,14000,True,x-box,0.726,0.929071428571,,
function,runtime_seconds,target_stdev,target_variance,algo,target_is_continuous,target_num_unique,num_rows,target_is_numerical,column_name,test_accuracy,training_accuracy,test_mse,training_mse
run_regressor,2.46681284904,0.127489500235,0.0162535726702,RFR,False,15,14000,True,x-box,,,0.236238634984,0.0839142380683
function,runtime_seconds,target_stdev,target_variance,algo,target_is_continuous,target_num_unique,num_rows,target_is_numerical,column_name,test_accuracy,training_accuracy,test_mse,training_mse
run_regressor,0.140959024429,0.127489500235,0.0162535726702,LinR,False,15,14000,True,x-box,,,0.608776771224,0.595616881775

Running ML for column "y-box"
function,runtime_seconds,target_stdev,target_variance,algo,target_is_continuous,target_num_unique,num_rows,target_is_numerical,column_name,test_accuracy,training_accuracy,test_mse,training_mse
run_classifier,13.8960981369,0.220719438876,0.0487170706978,LogRC,False,16,14000,True,y-box,0.306666666667,0.323642857143,,
function,runtime_seconds,target_stdev,target_variance,algo,target_is_continuous,target_num_unique,num_rows,target_is_numerical,column_name,test_accuracy,training_accuracy,test_mse,training_mse
run_classifier,1.15607309341,0.220719438876,0.0487170706978,DTC,False,16,14000,True,y-box,0.552,0.896357142857,,
function,runtime_seconds,target_stdev,target_variance,algo,target_is_continuous,target_num_unique,num_rows,target_is_numerical,column_name,test_accuracy,training_accuracy,test_mse,training_mse
run_classifier,2.44537901878,0.220719438876,0.0487170706978,RFC,False,16,14000,True,y-box,0.583833333333,0.886071428571,,
function,runtime_seconds,target_stdev,target_variance,algo,target_is_continuous,target_num_unique,num_rows,target_is_numerical,column_name,test_accuracy,training_accuracy,test_mse,training_mse
run_regressor,2.47966790199,0.220719438876,0.0487170706978,RFR,False,16,14000,True,y-box,,,1.57793892241,0.600684804167
function,runtime_seconds,target_stdev,target_variance,algo,target_is_continuous,target_num_unique,num_rows,target_is_numerical,column_name,test_accuracy,training_accuracy,test_mse,training_mse
run_regressor,0.11878991127,0.220719438876,0.0487170706978,LinR,False,16,14000,True,y-box,,,2.39867785257,2.40022581802

Running ML for column "width"
function,runtime_seconds,target_stdev,target_variance,algo,target_is_continuous,target_num_unique,num_rows,target_is_numerical,column_name,test_accuracy,training_accuracy,test_mse,training_mse
run_classifier,9.55987095833,0.133707213768,0.0178776190136,LogRC,False,15,14000,True,width,0.427,0.430857142857,,
function,runtime_seconds,target_stdev,target_variance,algo,target_is_continuous,target_num_unique,num_rows,target_is_numerical,column_name,test_accuracy,training_accuracy,test_mse,training_mse
run_classifier,0.902870893478,0.133707213768,0.0178776190136,DTC,False,15,14000,True,width,0.642166666667,0.919928571429,,
function,runtime_seconds,target_stdev,target_variance,algo,target_is_continuous,target_num_unique,num_rows,target_is_numerical,column_name,test_accuracy,training_accuracy,test_mse,training_mse
run_classifier,2.43382501602,0.133707213768,0.0178776190136,RFC,False,15,14000,True,width,0.680666666667,0.9195,,
function,runtime_seconds,target_stdev,target_variance,algo,target_is_continuous,target_num_unique,num_rows,target_is_numerical,column_name,test_accuracy,training_accuracy,test_mse,training_mse
run_regressor,2.52669906616,0.133707213768,0.0178776190136,RFR,False,15,14000,True,width,,,0.264014896713,0.0878825427723
function,runtime_seconds,target_stdev,target_variance,algo,target_is_continuous,target_num_unique,num_rows,target_is_numerical,column_name,test_accuracy,training_accuracy,test_mse,training_mse
run_regressor,0.130214929581,0.133707213768,0.0178776190136,LinR,False,15,14000,True,width,,,0.601953704523,0.592971954273

Running ML for column "high"
function,runtime_seconds,target_stdev,target_variance,algo,target_is_continuous,target_num_unique,num_rows,target_is_numerical,column_name,test_accuracy,training_accuracy,test_mse,training_mse
run_classifier,10.5444159508,0.151262940902,0.0228804772903,LogRC,False,16,14000,True,high,0.425166666667,0.432428571429,,
function,runtime_seconds,target_stdev,target_variance,algo,target_is_continuous,target_num_unique,num_rows,target_is_numerical,column_name,test_accuracy,training_accuracy,test_mse,training_mse
run_classifier,0.925939798355,0.151262940902,0.0228804772903,DTC,False,16,14000,True,high,0.702333333333,0.934357142857,,
function,runtime_seconds,target_stdev,target_variance,algo,target_is_continuous,target_num_unique,num_rows,target_is_numerical,column_name,test_accuracy,training_accuracy,test_mse,training_mse
run_classifier,2.47761487961,0.151262940902,0.0228804772903,RFC,False,16,14000,True,high,0.724833333333,0.929642857143,,
function,runtime_seconds,target_stdev,target_variance,algo,target_is_continuous,target_num_unique,num_rows,target_is_numerical,column_name,test_accuracy,training_accuracy,test_mse,training_mse
run_regressor,2.56015491486,0.151262940902,0.0228804772903,RFR,False,16,14000,True,high,,,0.377395744735,0.125531335639
function,runtime_seconds,target_stdev,target_variance,algo,target_is_continuous,target_num_unique,num_rows,target_is_numerical,column_name,test_accuracy,training_accuracy,test_mse,training_mse
run_regressor,0.118157863617,0.151262940902,0.0228804772903,LinR,False,16,14000,True,high,,,1.1293699587,1.15829880566

Running ML for column "onpix"
function,runtime_seconds,target_stdev,target_variance,algo,target_is_continuous,target_num_unique,num_rows,target_is_numerical,column_name,test_accuracy,training_accuracy,test_mse,training_mse
run_classifier,11.9212079048,0.146318650404,0.0214091474561,LogRC,False,16,14000,True,onpix,0.391833333333,0.399214285714,,
function,runtime_seconds,target_stdev,target_variance,algo,target_is_continuous,target_num_unique,num_rows,target_is_numerical,column_name,test_accuracy,training_accuracy,test_mse,training_mse
run_classifier,1.02803707123,0.146318650404,0.0214091474561,DTC,False,16,14000,True,onpix,0.617666666667,0.922714285714,,
function,runtime_seconds,target_stdev,target_variance,algo,target_is_continuous,target_num_unique,num_rows,target_is_numerical,column_name,test_accuracy,training_accuracy,test_mse,training_mse
run_classifier,2.50580596924,0.146318650404,0.0214091474561,RFC,False,16,14000,True,onpix,0.665166666667,0.927642857143,,
function,runtime_seconds,target_stdev,target_variance,algo,target_is_continuous,target_num_unique,num_rows,target_is_numerical,column_name,test_accuracy,training_accuracy,test_mse,training_mse
run_regressor,2.57187199593,0.146318650404,0.0214091474561,RFR,False,16,14000,True,onpix,,,0.37373535514,0.127182190602
function,runtime_seconds,target_stdev,target_variance,algo,target_is_continuous,target_num_unique,num_rows,target_is_numerical,column_name,test_accuracy,training_accuracy,test_mse,training_mse
run_regressor,0.129297018051,0.146318650404,0.0214091474561,LinR,False,16,14000,True,onpix,,,0.883298521927,0.886230246108

Running ML for column "x-bar"
function,runtime_seconds,target_stdev,target_variance,algo,target_is_continuous,target_num_unique,num_rows,target_is_numerical,column_name,test_accuracy,training_accuracy,test_mse,training_mse
run_classifier,10.4828660488,0.134528079754,0.0180978042423,LogRC,False,16,14000,True,x-bar,0.360833333333,0.369571428571,,
function,runtime_seconds,target_stdev,target_variance,algo,target_is_continuous,target_num_unique,num_rows,target_is_numerical,column_name,test_accuracy,training_accuracy,test_mse,training_mse
run_classifier,1.08202600479,0.134528079754,0.0180978042423,DTC,False,16,14000,True,x-bar,0.6105,0.917571428571,,
function,runtime_seconds,target_stdev,target_variance,algo,target_is_continuous,target_num_unique,num_rows,target_is_numerical,column_name,test_accuracy,training_accuracy,test_mse,training_mse
run_classifier,2.54583287239,0.134528079754,0.0180978042423,RFC,False,16,14000,True,x-bar,0.660833333333,0.921285714286,,
function,runtime_seconds,target_stdev,target_variance,algo,target_is_continuous,target_num_unique,num_rows,target_is_numerical,column_name,test_accuracy,training_accuracy,test_mse,training_mse
run_regressor,2.38104295731,0.134528079754,0.0180978042423,RFR,False,16,14000,True,x-bar,,,0.376736657175,0.121728820303
function,runtime_seconds,target_stdev,target_variance,algo,target_is_continuous,target_num_unique,num_rows,target_is_numerical,column_name,test_accuracy,training_accuracy,test_mse,training_mse
run_regressor,0.101306200027,0.134528079754,0.0180978042423,LinR,False,16,14000,True,x-bar,,,2.80202747222,2.75755396533

Running ML for column "y-bar"
function,runtime_seconds,target_stdev,target_variance,algo,target_is_continuous,target_num_unique,num_rows,target_is_numerical,column_name,test_accuracy,training_accuracy,test_mse,training_mse
run_classifier,11.4301960468,0.154715038746,0.0239367432141,LogRC,False,16,14000,True,y-bar,0.399,0.403571428571,,
function,runtime_seconds,target_stdev,target_variance,algo,target_is_continuous,target_num_unique,num_rows,target_is_numerical,column_name,test_accuracy,training_accuracy,test_mse,training_mse
run_classifier,0.966248989105,0.154715038746,0.0239367432141,DTC,False,16,14000,True,y-bar,0.5945,0.918785714286,,
function,runtime_seconds,target_stdev,target_variance,algo,target_is_continuous,target_num_unique,num_rows,target_is_numerical,column_name,test_accuracy,training_accuracy,test_mse,training_mse
run_classifier,2.46566796303,0.154715038746,0.0239367432141,RFC,False,16,14000,True,y-bar,0.635333333333,0.918571428571,,
function,runtime_seconds,target_stdev,target_variance,algo,target_is_continuous,target_num_unique,num_rows,target_is_numerical,column_name,test_accuracy,training_accuracy,test_mse,training_mse
run_regressor,2.71674203873,0.154715038746,0.0239367432141,RFR,False,16,14000,True,y-bar,,,0.453485672331,0.152272368173
function,runtime_seconds,target_stdev,target_variance,algo,target_is_continuous,target_num_unique,num_rows,target_is_numerical,column_name,test_accuracy,training_accuracy,test_mse,training_mse
run_regressor,0.101417064667,0.154715038746,0.0239367432141,LinR,False,16,14000,True,y-bar,,,2.43706345054,2.33351334079

Running ML for column "x2bar"
function,runtime_seconds,target_stdev,target_variance,algo,target_is_continuous,target_num_unique,num_rows,target_is_numerical,column_name,test_accuracy,training_accuracy,test_mse,training_mse
run_classifier,10.6920499802,0.179918213107,0.0323705634076,LogRC,False,16,14000,True,x2bar,0.315833333333,0.317928571429,,
function,runtime_seconds,target_stdev,target_variance,algo,target_is_continuous,target_num_unique,num_rows,target_is_numerical,column_name,test_accuracy,training_accuracy,test_mse,training_mse
run_classifier,0.980484008789,0.179918213107,0.0323705634076,DTC,False,16,14000,True,x2bar,0.623333333333,0.923214285714,,
function,runtime_seconds,target_stdev,target_variance,algo,target_is_continuous,target_num_unique,num_rows,target_is_numerical,column_name,test_accuracy,training_accuracy,test_mse,training_mse
run_classifier,2.47621917725,0.179918213107,0.0323705634076,RFC,False,16,14000,True,x2bar,0.6635,0.922142857143,,
function,runtime_seconds,target_stdev,target_variance,algo,target_is_continuous,target_num_unique,num_rows,target_is_numerical,column_name,test_accuracy,training_accuracy,test_mse,training_mse
run_regressor,2.4409840107,0.179918213107,0.0323705634076,RFR,False,16,14000,True,x2bar,,,0.482146184739,0.162791012507
function,runtime_seconds,target_stdev,target_variance,algo,target_is_continuous,target_num_unique,num_rows,target_is_numerical,column_name,test_accuracy,training_accuracy,test_mse,training_mse
run_regressor,0.113169908524,0.179918213107,0.0323705634076,LinR,False,16,14000,True,x2bar,,,5.20483635703,5.23259053257

Running ML for column "y2bar"
function,runtime_seconds,target_stdev,target_variance,algo,target_is_continuous,target_num_unique,num_rows,target_is_numerical,column_name,test_accuracy,training_accuracy,test_mse,training_mse
run_classifier,10.6766870022,0.158915684494,0.0252541947781,LogRC,False,16,14000,True,y2bar,0.303833333333,0.313928571429,,
function,runtime_seconds,target_stdev,target_variance,algo,target_is_continuous,target_num_unique,num_rows,target_is_numerical,column_name,test_accuracy,training_accuracy,test_mse,training_mse
run_classifier,1.01403594017,0.158915684494,0.0252541947781,DTC,False,16,14000,True,y2bar,0.601666666667,0.915214285714,,
function,runtime_seconds,target_stdev,target_variance,algo,target_is_continuous,target_num_unique,num_rows,target_is_numerical,column_name,test_accuracy,training_accuracy,test_mse,training_mse
run_classifier,2.48370504379,0.158915684494,0.0252541947781,RFC,False,16,14000,True,y2bar,0.639333333333,0.911142857143,,
function,runtime_seconds,target_stdev,target_variance,algo,target_is_continuous,target_num_unique,num_rows,target_is_numerical,column_name,test_accuracy,training_accuracy,test_mse,training_mse
run_regressor,2.39665603638,0.158915684494,0.0252541947781,RFR,False,16,14000,True,y2bar,,,0.443741190699,0.151577108274
function,runtime_seconds,target_stdev,target_variance,algo,target_is_continuous,target_num_unique,num_rows,target_is_numerical,column_name,test_accuracy,training_accuracy,test_mse,training_mse
run_regressor,0.126605987549,0.158915684494,0.0252541947781,LinR,False,16,14000,True,y2bar,,,3.51615638142,3.45569081555

Running ML for column "xybar"
function,runtime_seconds,target_stdev,target_variance,algo,target_is_continuous,target_num_unique,num_rows,target_is_numerical,column_name,test_accuracy,training_accuracy,test_mse,training_mse
run_classifier,10.8178479671,0.165308620524,0.0273269400195,LogRC,False,16,14000,True,xybar,0.381,0.387785714286,,
function,runtime_seconds,target_stdev,target_variance,algo,target_is_continuous,target_num_unique,num_rows,target_is_numerical,column_name,test_accuracy,training_accuracy,test_mse,training_mse
run_classifier,0.990998029709,0.165308620524,0.0273269400195,DTC,False,16,14000,True,xybar,0.643833333333,0.927642857143,,
function,runtime_seconds,target_stdev,target_variance,algo,target_is_continuous,target_num_unique,num_rows,target_is_numerical,column_name,test_accuracy,training_accuracy,test_mse,training_mse
run_classifier,2.42246294022,0.165308620524,0.0273269400195,RFC,False,16,14000,True,xybar,0.700833333333,0.933071428571,,
function,runtime_seconds,target_stdev,target_variance,algo,target_is_continuous,target_num_unique,num_rows,target_is_numerical,column_name,test_accuracy,training_accuracy,test_mse,training_mse
run_regressor,2.4110429287,0.165308620524,0.0273269400195,RFR,False,16,14000,True,xybar,,,0.525317146831,0.167985330163
function,runtime_seconds,target_stdev,target_variance,algo,target_is_continuous,target_num_unique,num_rows,target_is_numerical,column_name,test_accuracy,training_accuracy,test_mse,training_mse
run_regressor,0.102247953415,0.165308620524,0.0273269400195,LinR,False,16,14000,True,xybar,,,4.30236252574,4.18355326473

Running ML for column "x2ybr"
function,runtime_seconds,target_stdev,target_variance,algo,target_is_continuous,target_num_unique,num_rows,target_is_numerical,column_name,test_accuracy,training_accuracy,test_mse,training_mse
run_classifier,12.4929537773,0.175222346151,0.0307028705905,LogRC,False,16,14000,True,x2ybr,0.420166666667,0.428428571429,,
function,runtime_seconds,target_stdev,target_variance,algo,target_is_continuous,target_num_unique,num_rows,target_is_numerical,column_name,test_accuracy,training_accuracy,test_mse,training_mse
run_classifier,0.986350059509,0.175222346151,0.0307028705905,DTC,False,16,14000,True,x2ybr,0.623833333333,0.9255,,
function,runtime_seconds,target_stdev,target_variance,algo,target_is_continuous,target_num_unique,num_rows,target_is_numerical,column_name,test_accuracy,training_accuracy,test_mse,training_mse
run_classifier,2.44463801384,0.175222346151,0.0307028705905,RFC,False,16,14000,True,x2ybr,0.682166666667,0.927142857143,,
function,runtime_seconds,target_stdev,target_variance,algo,target_is_continuous,target_num_unique,num_rows,target_is_numerical,column_name,test_accuracy,training_accuracy,test_mse,training_mse
run_regressor,2.5449860096,0.175222346151,0.0307028705905,RFR,False,16,14000,True,x2ybr,,,0.3773300629,0.116041044598
function,runtime_seconds,target_stdev,target_variance,algo,target_is_continuous,target_num_unique,num_rows,target_is_numerical,column_name,test_accuracy,training_accuracy,test_mse,training_mse
run_regressor,0.127606868744,0.175222346151,0.0307028705905,LinR,False,16,14000,True,x2ybr,,,2.96884714771,2.8933309534

Running ML for column "xy2br"
function,runtime_seconds,target_stdev,target_variance,algo,target_is_continuous,target_num_unique,num_rows,target_is_numerical,column_name,test_accuracy,training_accuracy,test_mse,training_mse
run_classifier,10.8949830532,0.137753400014,0.0189759992154,LogRC,False,16,14000,True,xy2br,0.365333333333,0.384071428571,,
function,runtime_seconds,target_stdev,target_variance,algo,target_is_continuous,target_num_unique,num_rows,target_is_numerical,column_name,test_accuracy,training_accuracy,test_mse,training_mse
run_classifier,0.999561071396,0.137753400014,0.0189759992154,DTC,False,16,14000,True,xy2br,0.593666666667,0.918428571429,,
function,runtime_seconds,target_stdev,target_variance,algo,target_is_continuous,target_num_unique,num_rows,target_is_numerical,column_name,test_accuracy,training_accuracy,test_mse,training_mse
run_classifier,2.46208095551,0.137753400014,0.0189759992154,RFC,False,16,14000,True,xy2br,0.643833333333,0.9205,,
function,runtime_seconds,target_stdev,target_variance,algo,target_is_continuous,target_num_unique,num_rows,target_is_numerical,column_name,test_accuracy,training_accuracy,test_mse,training_mse
run_regressor,2.38768100739,0.137753400014,0.0189759992154,RFR,False,16,14000,True,xy2br,,,0.461613769991,0.152240642996
function,runtime_seconds,target_stdev,target_variance,algo,target_is_continuous,target_num_unique,num_rows,target_is_numerical,column_name,test_accuracy,training_accuracy,test_mse,training_mse
run_regressor,0.123110055923,0.137753400014,0.0189759992154,LinR,False,16,14000,True,xy2br,,,3.22917541824,3.07859261389

Running ML for column "x-ege"
function,runtime_seconds,target_stdev,target_variance,algo,target_is_continuous,target_num_unique,num_rows,target_is_numerical,column_name,test_accuracy,training_accuracy,test_mse,training_mse
run_classifier,9.97663879395,0.155569960445,0.0242020125927,LogRC,False,16,14000,True,x-ege,0.446666666667,0.445428571429,,
function,runtime_seconds,target_stdev,target_variance,algo,target_is_continuous,target_num_unique,num_rows,target_is_numerical,column_name,test_accuracy,training_accuracy,test_mse,training_mse
run_classifier,0.889626026154,0.155569960445,0.0242020125927,DTC,False,16,14000,True,x-ege,0.682166666667,0.936857142857,,
function,runtime_seconds,target_stdev,target_variance,algo,target_is_continuous,target_num_unique,num_rows,target_is_numerical,column_name,test_accuracy,training_accuracy,test_mse,training_mse
run_classifier,2.5186419487,0.155569960445,0.0242020125927,RFC,False,16,14000,True,x-ege,0.73,0.940642857143,,
function,runtime_seconds,target_stdev,target_variance,algo,target_is_continuous,target_num_unique,num_rows,target_is_numerical,column_name,test_accuracy,training_accuracy,test_mse,training_mse
run_regressor,2.50739598274,0.155569960445,0.0242020125927,RFR,False,16,14000,True,x-ege,,,0.59058500177,0.18587584248
function,runtime_seconds,target_stdev,target_variance,algo,target_is_continuous,target_num_unique,num_rows,target_is_numerical,column_name,test_accuracy,training_accuracy,test_mse,training_mse
run_regressor,0.130774021149,0.155569960445,0.0242020125927,LinR,False,16,14000,True,x-ege,,,1.83732732323,1.79586885492

Running ML for column "xegvy"
function,runtime_seconds,target_stdev,target_variance,algo,target_is_continuous,target_num_unique,num_rows,target_is_numerical,column_name,test_accuracy,training_accuracy,test_mse,training_mse
run_classifier,9.65192985535,0.103320686385,0.0106751642351,LogRC,False,16,14000,True,xegvy,0.4885,0.493428571429,,
function,runtime_seconds,target_stdev,target_variance,algo,target_is_continuous,target_num_unique,num_rows,target_is_numerical,column_name,test_accuracy,training_accuracy,test_mse,training_mse
run_classifier,0.906976938248,0.103320686385,0.0106751642351,DTC,False,16,14000,True,xegvy,0.670833333333,0.9335,,
function,runtime_seconds,target_stdev,target_variance,algo,target_is_continuous,target_num_unique,num_rows,target_is_numerical,column_name,test_accuracy,training_accuracy,test_mse,training_mse
run_classifier,2.52738213539,0.103320686385,0.0106751642351,RFC,False,16,14000,True,xegvy,0.715333333333,0.932142857143,,
function,runtime_seconds,target_stdev,target_variance,algo,target_is_continuous,target_num_unique,num_rows,target_is_numerical,column_name,test_accuracy,training_accuracy,test_mse,training_mse
run_regressor,2.44254994392,0.103320686385,0.0106751642351,RFR,False,16,14000,True,xegvy,,,0.427730498017,0.142662654648
function,runtime_seconds,target_stdev,target_variance,algo,target_is_continuous,target_num_unique,num_rows,target_is_numerical,column_name,test_accuracy,training_accuracy,test_mse,training_mse
run_regressor,0.140347003937,0.103320686385,0.0106751642351,LinR,False,16,14000,True,xegvy,,,1.4139594551,1.39556049687

Running ML for column "y-ege"
function,runtime_seconds,target_stdev,target_variance,algo,target_is_continuous,target_num_unique,num_rows,target_is_numerical,column_name,test_accuracy,training_accuracy,test_mse,training_mse
run_classifier,11.1545398235,0.171735368266,0.0294930367135,LogRC,False,16,14000,True,y-ege,0.348166666667,0.355071428571,,
function,runtime_seconds,target_stdev,target_variance,algo,target_is_continuous,target_num_unique,num_rows,target_is_numerical,column_name,test_accuracy,training_accuracy,test_mse,training_mse
run_classifier,0.91295003891,0.171735368266,0.0294930367135,DTC,False,16,14000,True,y-ege,0.659666666667,0.929785714286,,
function,runtime_seconds,target_stdev,target_variance,algo,target_is_continuous,target_num_unique,num_rows,target_is_numerical,column_name,test_accuracy,training_accuracy,test_mse,training_mse
run_classifier,2.42154788971,0.171735368266,0.0294930367135,RFC,False,16,14000,True,y-ege,0.708833333333,0.933857142857,,
function,runtime_seconds,target_stdev,target_variance,algo,target_is_continuous,target_num_unique,num_rows,target_is_numerical,column_name,test_accuracy,training_accuracy,test_mse,training_mse
run_regressor,2.54222011566,0.171735368266,0.0294930367135,RFR,False,16,14000,True,y-ege,,,0.477419741562,0.154530756544
function,runtime_seconds,target_stdev,target_variance,algo,target_is_continuous,target_num_unique,num_rows,target_is_numerical,column_name,test_accuracy,training_accuracy,test_mse,training_mse
run_regressor,0.0973958969116,0.171735368266,0.0294930367135,LinR,False,16,14000,True,y-ege,,,3.33492744867,3.31871539816

Running ML for column "yegvx"
function,runtime_seconds,target_stdev,target_variance,algo,target_is_continuous,target_num_unique,num_rows,target_is_numerical,column_name,test_accuracy,training_accuracy,test_mse,training_mse
run_classifier,8.6603808403,0.114025208838,0.0130017482507,LogRC,False,15,14000,True,yegvx,0.424,0.436357142857,,
function,runtime_seconds,target_stdev,target_variance,algo,target_is_continuous,target_num_unique,num_rows,target_is_numerical,column_name,test_accuracy,training_accuracy,test_mse,training_mse
run_classifier,0.895526885986,0.114025208838,0.0130017482507,DTC,False,15,14000,True,yegvx,0.624666666667,0.921071428571,,
function,runtime_seconds,target_stdev,target_variance,algo,target_is_continuous,target_num_unique,num_rows,target_is_numerical,column_name,test_accuracy,training_accuracy,test_mse,training_mse
run_classifier,2.40045690536,0.114025208838,0.0130017482507,RFC,False,15,14000,True,yegvx,0.664333333333,0.921214285714,,
function,runtime_seconds,target_stdev,target_variance,algo,target_is_continuous,target_num_unique,num_rows,target_is_numerical,column_name,test_accuracy,training_accuracy,test_mse,training_mse
run_regressor,2.41817593575,0.114025208838,0.0130017482507,RFR,False,15,14000,True,yegvx,,,0.590912654304,0.192290965353
function,runtime_seconds,target_stdev,target_variance,algo,target_is_continuous,target_num_unique,num_rows,target_is_numerical,column_name,test_accuracy,training_accuracy,test_mse,training_mse
run_regressor,0.116536855698,0.114025208838,0.0130017482507,LinR,False,15,14000,True,yegvx,,,2.14239221434,1.92364284816
Running ML algos for input dataset "datasets/from_FD_paper/letter-recognition.csv"
1 loops, best of 1: 296 sec per loop
