num_rows_f=1599.000000, training=1120, test=479

Running ML for column "fixed acidity"
//anaconda/envs/python2/lib/python2.7/site-packages/sklearn/utils/validation.py:429: DataConversionWarning: Data with input dtype int64 was converted to float64 by MinMaxScaler.
  warnings.warn(msg, _DataConversionWarning)
function,runtime_seconds,target_stdev,target_variance,target_num_unique,num_rows,target_is_numerical,algo,test_accuracy,training_accuracy,test_mse,training_mse
run_regressor,0.748675107956,0.185351928088,0.034355337246,95,1120,True,RFR,,,72.13526328,13.371403434
function,runtime_seconds,target_stdev,target_variance,target_num_unique,num_rows,target_is_numerical,algo,test_accuracy,training_accuracy,test_mse,training_mse
run_regressor,0.351131916046,0.185351928088,0.034355337246,95,1120,True,SVR,,,232.989042537,291.239508461
//anaconda/envs/python2/lib/python2.7/site-packages/scipy/linalg/basic.py:884: RuntimeWarning: internal gelsd driver lwork query error, required iwork dimension not returned. This is likely the result of LAPACK bug 0038, fixed in LAPACK 3.2.2 (released July 21, 2010). Falling back to 'gelss' driver.
  warnings.warn(mesg, RuntimeWarning)
function,runtime_seconds,target_stdev,target_variance,target_num_unique,num_rows,target_is_numerical,algo,test_accuracy,training_accuracy,test_mse,training_mse
run_regressor,0.0589258670807,0.185351928088,0.034355337246,95,1120,True,LinR,,,44.825643329,47.108043564
function,runtime_seconds,target_stdev,target_variance,target_num_unique,num_rows,target_is_numerical,algo,test_accuracy,training_accuracy,test_mse,training_mse
run_classifier,3.37804818153,0.185351928088,0.034355337246,95,1120,True,LogRC,0.0521920668058,0.18125,,
function,runtime_seconds,target_stdev,target_variance,target_num_unique,num_rows,target_is_numerical,algo,test_accuracy,training_accuracy,test_mse,training_mse
run_classifier,0.371016025543,0.185351928088,0.034355337246,95,1120,True,DTC,0.0292275574113,0.85625,,
//anaconda/envs/python2/lib/python2.7/site-packages/sklearn/svm/base.py:552: ChangedBehaviorWarning: The decision_function_shape default value will change from 'ovo' to 'ovr' in 0.19. This will change the shape of the decision function returned by SVC.
  "SVC.", ChangedBehaviorWarning)
function,runtime_seconds,target_stdev,target_variance,target_num_unique,num_rows,target_is_numerical,algo,test_accuracy,training_accuracy,test_mse,training_mse
run_classifier,1.97911787033,0.185351928088,0.034355337246,95,1120,True,SVC,0.0208768267223,0.0375,,
function,runtime_seconds,target_stdev,target_variance,target_num_unique,num_rows,target_is_numerical,algo,test_accuracy,training_accuracy,test_mse,training_mse
run_classifier,0.85609292984,0.185351928088,0.034355337246,95,1120,True,RFC,0.0647181628392,0.850892857143,,

Running ML for column "volatile acidity"
function,runtime_seconds,target_stdev,target_variance,target_num_unique,num_rows,target_is_numerical,algo,test_accuracy,training_accuracy,test_mse,training_mse
run_regressor,0.757110118866,0.196412648931,0.0385779286602,134,1120,True,RFR,,,531.093259105,118.360099206
function,runtime_seconds,target_stdev,target_variance,target_num_unique,num_rows,target_is_numerical,algo,test_accuracy,training_accuracy,test_mse,training_mse
run_regressor,0.341253042221,0.196412648931,0.0385779286602,134,1120,True,SVR,,,824.619092738,748.252237615
function,runtime_seconds,target_stdev,target_variance,target_num_unique,num_rows,target_is_numerical,algo,test_accuracy,training_accuracy,test_mse,training_mse
run_regressor,0.055135011673,0.196412648931,0.0385779286602,134,1120,True,LinR,,,429.000511636,445.216476003
function,runtime_seconds,target_stdev,target_variance,target_num_unique,num_rows,target_is_numerical,algo,test_accuracy,training_accuracy,test_mse,training_mse
run_classifier,5.29956102371,0.196412648931,0.0385779286602,134,1120,True,LogRC,0.0208768267223,0.132142857143,,
function,runtime_seconds,target_stdev,target_variance,target_num_unique,num_rows,target_is_numerical,algo,test_accuracy,training_accuracy,test_mse,training_mse
run_classifier,0.623460054398,0.196412648931,0.0385779286602,134,1120,True,DTC,0.0187891440501,0.848214285714,,
function,runtime_seconds,target_stdev,target_variance,target_num_unique,num_rows,target_is_numerical,algo,test_accuracy,training_accuracy,test_mse,training_mse
run_classifier,3.87435603142,0.196412648931,0.0385779286602,134,1120,True,SVC,0.0208768267223,0.0348214285714,,
function,runtime_seconds,target_stdev,target_variance,target_num_unique,num_rows,target_is_numerical,algo,test_accuracy,training_accuracy,test_mse,training_mse
run_classifier,1.11958503723,0.196412648931,0.0385779286602,134,1120,True,RFC,0.0250521920668,0.852678571429,,

Running ML for column "citric acid"
function,runtime_seconds,target_stdev,target_variance,target_num_unique,num_rows,target_is_numerical,algo,test_accuracy,training_accuracy,test_mse,training_mse
run_regressor,0.775354862213,0.25105596825,0.0630290991938,79,1120,True,RFR,,,125.136747854,27.7003253968
function,runtime_seconds,target_stdev,target_variance,target_num_unique,num_rows,target_is_numerical,algo,test_accuracy,training_accuracy,test_mse,training_mse
run_regressor,0.324137926102,0.25105596825,0.0630290991938,79,1120,True,SVR,,,351.584784725,358.782537837
function,runtime_seconds,target_stdev,target_variance,target_num_unique,num_rows,target_is_numerical,algo,test_accuracy,training_accuracy,test_mse,training_mse
run_regressor,0.0489110946655,0.25105596825,0.0630290991938,79,1120,True,LinR,,,131.148147464,130.403304719
function,runtime_seconds,target_stdev,target_variance,target_num_unique,num_rows,target_is_numerical,algo,test_accuracy,training_accuracy,test_mse,training_mse
run_classifier,3.51220297813,0.25105596825,0.0630290991938,79,1120,True,LogRC,0.131524008351,0.199107142857,,
function,runtime_seconds,target_stdev,target_variance,target_num_unique,num_rows,target_is_numerical,algo,test_accuracy,training_accuracy,test_mse,training_mse
run_classifier,0.412869930267,0.25105596825,0.0630290991938,79,1120,True,DTC,0.0542797494781,0.864285714286,,
function,runtime_seconds,target_stdev,target_variance,target_num_unique,num_rows,target_is_numerical,algo,test_accuracy,training_accuracy,test_mse,training_mse
run_classifier,1.84048891068,0.25105596825,0.0630290991938,79,1120,True,SVC,0.0062630480167,0.11875,,
function,runtime_seconds,target_stdev,target_variance,target_num_unique,num_rows,target_is_numerical,algo,test_accuracy,training_accuracy,test_mse,training_mse
run_classifier,0.835461139679,0.25105596825,0.0630290991938,79,1120,True,RFC,0.0855949895616,0.866964285714,,

Running ML for column "residual sugar"
function,runtime_seconds,target_stdev,target_variance,target_num_unique,num_rows,target_is_numerical,algo,test_accuracy,training_accuracy,test_mse,training_mse
run_regressor,0.804240942001,0.166376507841,0.0276811423615,81,1120,True,RFR,,,142.031575041,33.5227579365
function,runtime_seconds,target_stdev,target_variance,target_num_unique,num_rows,target_is_numerical,algo,test_accuracy,training_accuracy,test_mse,training_mse
run_regressor,0.340665102005,0.166376507841,0.0276811423615,81,1120,True,SVR,,,220.475080895,216.892481959
function,runtime_seconds,target_stdev,target_variance,target_num_unique,num_rows,target_is_numerical,algo,test_accuracy,training_accuracy,test_mse,training_mse
run_regressor,0.0484778881073,0.166376507841,0.0276811423615,81,1120,True,LinR,,,154.530073632,139.797374502
function,runtime_seconds,target_stdev,target_variance,target_num_unique,num_rows,target_is_numerical,algo,test_accuracy,training_accuracy,test_mse,training_mse
run_classifier,2.57556319237,0.166376507841,0.0276811423615,81,1120,True,LogRC,0.0897703549061,0.189285714286,,
function,runtime_seconds,target_stdev,target_variance,target_num_unique,num_rows,target_is_numerical,algo,test_accuracy,training_accuracy,test_mse,training_mse
run_classifier,0.315087080002,0.166376507841,0.0276811423615,81,1120,True,DTC,0.0793319415449,0.858928571429,,
function,runtime_seconds,target_stdev,target_variance,target_num_unique,num_rows,target_is_numerical,algo,test_accuracy,training_accuracy,test_mse,training_mse
run_classifier,2.08917498589,0.166376507841,0.0276811423615,81,1120,True,SVC,0.108559498956,0.0946428571429,,
function,runtime_seconds,target_stdev,target_variance,target_num_unique,num_rows,target_is_numerical,algo,test_accuracy,training_accuracy,test_mse,training_mse
run_classifier,0.765223026276,0.166376507841,0.0276811423615,81,1120,True,RFC,0.100208768267,0.859821428571,,

Running ML for column "chlorides"
function,runtime_seconds,target_stdev,target_variance,target_num_unique,num_rows,target_is_numerical,algo,test_accuracy,training_accuracy,test_mse,training_mse
run_regressor,0.822031974792,0.151999850953,0.0231039546897,139,1120,True,RFR,,,401.209371376,100.441892857
function,runtime_seconds,target_stdev,target_variance,target_num_unique,num_rows,target_is_numerical,algo,test_accuracy,training_accuracy,test_mse,training_mse
run_regressor,0.314167022705,0.151999850953,0.0231039546897,139,1120,True,SVR,,,544.303517657,517.34366459
function,runtime_seconds,target_stdev,target_variance,target_num_unique,num_rows,target_is_numerical,algo,test_accuracy,training_accuracy,test_mse,training_mse
run_regressor,0.0482470989227,0.151999850953,0.0231039546897,139,1120,True,LinR,,,420.081627617,392.15814041
function,runtime_seconds,target_stdev,target_variance,target_num_unique,num_rows,target_is_numerical,algo,test_accuracy,training_accuracy,test_mse,training_mse
run_classifier,4.73627209663,0.151999850953,0.0231039546897,139,1120,True,LogRC,0.0250521920668,0.129464285714,,
function,runtime_seconds,target_stdev,target_variance,target_num_unique,num_rows,target_is_numerical,algo,test_accuracy,training_accuracy,test_mse,training_mse
run_classifier,0.520190000534,0.151999850953,0.0231039546897,139,1120,True,DTC,0.0187891440501,0.849107142857,,
function,runtime_seconds,target_stdev,target_variance,target_num_unique,num_rows,target_is_numerical,algo,test_accuracy,training_accuracy,test_mse,training_mse
run_classifier,3.07754707336,0.151999850953,0.0231039546897,139,1120,True,SVC,0.0167014613779,0.0401785714286,,
function,runtime_seconds,target_stdev,target_variance,target_num_unique,num_rows,target_is_numerical,algo,test_accuracy,training_accuracy,test_mse,training_mse
run_classifier,1.03789305687,0.151999850953,0.0231039546897,139,1120,True,RFC,0.0187891440501,0.852678571429,,

Running ML for column "free sulfur dioxide"
function,runtime_seconds,target_stdev,target_variance,target_num_unique,num_rows,target_is_numerical,algo,test_accuracy,training_accuracy,test_mse,training_mse
run_regressor,0.758458852768,0.176539891959,0.031166333453,55,1120,True,RFR,,,58.6770401299,9.28257142857
function,runtime_seconds,target_stdev,target_variance,target_num_unique,num_rows,target_is_numerical,algo,test_accuracy,training_accuracy,test_mse,training_mse
run_regressor,0.33909702301,0.176539891959,0.031166333453,55,1120,True,SVR,,,146.057084548,95.1398344524
function,runtime_seconds,target_stdev,target_variance,target_num_unique,num_rows,target_is_numerical,algo,test_accuracy,training_accuracy,test_mse,training_mse
run_regressor,0.0518009662628,0.176539891959,0.031166333453,55,1120,True,LinR,,,72.8592338446,49.0364978639
function,runtime_seconds,target_stdev,target_variance,target_num_unique,num_rows,target_is_numerical,algo,test_accuracy,training_accuracy,test_mse,training_mse
run_classifier,2.44526195526,0.176539891959,0.031166333453,55,1120,True,LogRC,0.0709812108559,0.184821428571,,
function,runtime_seconds,target_stdev,target_variance,target_num_unique,num_rows,target_is_numerical,algo,test_accuracy,training_accuracy,test_mse,training_mse
run_classifier,0.284620046616,0.176539891959,0.031166333453,55,1120,True,DTC,0.0855949895616,0.854464285714,,
function,runtime_seconds,target_stdev,target_variance,target_num_unique,num_rows,target_is_numerical,algo,test_accuracy,training_accuracy,test_mse,training_mse
run_classifier,1.58607292175,0.176539891959,0.031166333453,55,1120,True,SVC,0.0709812108559,0.0955357142857,,
function,runtime_seconds,target_stdev,target_variance,target_num_unique,num_rows,target_is_numerical,algo,test_accuracy,training_accuracy,test_mse,training_mse
run_classifier,0.734128952026,0.176539891959,0.031166333453,55,1120,True,RFC,0.062630480167,0.8625,,

Running ML for column "total sulfur dioxide"
function,runtime_seconds,target_stdev,target_variance,target_num_unique,num_rows,target_is_numerical,algo,test_accuracy,training_accuracy,test_mse,training_mse
run_regressor,0.864148855209,0.225694104128,0.0509378286384,141,1120,True,RFR,,,408.126834197,86.162430776
function,runtime_seconds,target_stdev,target_variance,target_num_unique,num_rows,target_is_numerical,algo,test_accuracy,training_accuracy,test_mse,training_mse
run_regressor,0.353656053543,0.225694104128,0.0509378286384,141,1120,True,SVR,,,907.510966865,1078.52530955
function,runtime_seconds,target_stdev,target_variance,target_num_unique,num_rows,target_is_numerical,algo,test_accuracy,training_accuracy,test_mse,training_mse
run_regressor,0.0514597892761,0.225694104128,0.0509378286384,141,1120,True,LinR,,,509.154070574,412.198109884
function,runtime_seconds,target_stdev,target_variance,target_num_unique,num_rows,target_is_numerical,algo,test_accuracy,training_accuracy,test_mse,training_mse
run_classifier,5.52471899986,0.225694104128,0.0509378286384,141,1120,True,LogRC,0.0208768267223,0.175,,
function,runtime_seconds,target_stdev,target_variance,target_num_unique,num_rows,target_is_numerical,algo,test_accuracy,training_accuracy,test_mse,training_mse
run_classifier,0.550616979599,0.225694104128,0.0509378286384,141,1120,True,DTC,0.0292275574113,0.852678571429,,
function,runtime_seconds,target_stdev,target_variance,target_num_unique,num_rows,target_is_numerical,algo,test_accuracy,training_accuracy,test_mse,training_mse
run_classifier,2.97172880173,0.225694104128,0.0509378286384,141,1120,True,SVC,0.0167014613779,0.0303571428571,,
function,runtime_seconds,target_stdev,target_variance,target_num_unique,num_rows,target_is_numerical,algo,test_accuracy,training_accuracy,test_mse,training_mse
run_classifier,1.07476711273,0.225694104128,0.0509378286384,141,1120,True,RFC,0.0187891440501,0.86875,,

Running ML for column "density"
function,runtime_seconds,target_stdev,target_variance,target_num_unique,num_rows,target_is_numerical,algo,test_accuracy,training_accuracy,test_mse,training_mse
run_regressor,0.755042076111,0.23985636972,0.0575310780952,297,1120,True,RFR,,,3145.54709348,544.526126984
function,runtime_seconds,target_stdev,target_variance,target_num_unique,num_rows,target_is_numerical,algo,test_accuracy,training_accuracy,test_mse,training_mse
run_regressor,0.379040956497,0.23985636972,0.0575310780952,297,1120,True,SVR,,,21279.7767255,11094.4570882
function,runtime_seconds,target_stdev,target_variance,target_num_unique,num_rows,target_is_numerical,algo,test_accuracy,training_accuracy,test_mse,training_mse
run_regressor,0.0499510765076,0.23985636972,0.0575310780952,297,1120,True,LinR,,,2467.27183901,2104.96976235
function,runtime_seconds,target_stdev,target_variance,target_num_unique,num_rows,target_is_numerical,algo,test_accuracy,training_accuracy,test_mse,training_mse
run_classifier,7.97066998482,0.23985636972,0.0575310780952,297,1120,True,LogRC,0.00208768267223,0.175,,
function,runtime_seconds,target_stdev,target_variance,target_num_unique,num_rows,target_is_numerical,algo,test_accuracy,training_accuracy,test_mse,training_mse
run_classifier,1.43719601631,0.23985636972,0.0575310780952,297,1120,True,DTC,0.0146137787056,0.851785714286,,
function,runtime_seconds,target_stdev,target_variance,target_num_unique,num_rows,target_is_numerical,algo,test_accuracy,training_accuracy,test_mse,training_mse
run_classifier,9.40720415115,0.23985636972,0.0575310780952,297,1120,True,SVC,0.0,0.0339285714286,,
function,runtime_seconds,target_stdev,target_variance,target_num_unique,num_rows,target_is_numerical,algo,test_accuracy,training_accuracy,test_mse,training_mse
run_classifier,1.76523804665,0.23985636972,0.0575310780952,297,1120,True,RFC,0.00208768267223,0.863392857143,,

Running ML for column "pH"
function,runtime_seconds,target_stdev,target_variance,target_num_unique,num_rows,target_is_numerical,algo,test_accuracy,training_accuracy,test_mse,training_mse
run_regressor,0.818029880524,0.17573739164,0.0308836308203,86,1120,True,RFR,,,80.5175968453,20.4566626984
function,runtime_seconds,target_stdev,target_variance,target_num_unique,num_rows,target_is_numerical,algo,test_accuracy,training_accuracy,test_mse,training_mse
run_regressor,0.331759929657,0.17573739164,0.0308836308203,86,1120,True,SVR,,,215.067597294,209.114261006
function,runtime_seconds,target_stdev,target_variance,target_num_unique,num_rows,target_is_numerical,algo,test_accuracy,training_accuracy,test_mse,training_mse
run_regressor,0.057021856308,0.17573739164,0.0308836308203,86,1120,True,LinR,,,62.0905317181,77.0189451921
function,runtime_seconds,target_stdev,target_variance,target_num_unique,num_rows,target_is_numerical,algo,test_accuracy,training_accuracy,test_mse,training_mse
run_classifier,3.46872115135,0.17573739164,0.0308836308203,86,1120,True,LogRC,0.035490605428,0.153571428571,,
function,runtime_seconds,target_stdev,target_variance,target_num_unique,num_rows,target_is_numerical,algo,test_accuracy,training_accuracy,test_mse,training_mse
run_classifier,0.41294002533,0.17573739164,0.0308836308203,86,1120,True,DTC,0.0438413361169,0.844642857143,,
function,runtime_seconds,target_stdev,target_variance,target_num_unique,num_rows,target_is_numerical,algo,test_accuracy,training_accuracy,test_mse,training_mse
run_classifier,2.08485889435,0.17573739164,0.0308836308203,86,1120,True,SVC,0.0334029227557,0.0339285714286,,
function,runtime_seconds,target_stdev,target_variance,target_num_unique,num_rows,target_is_numerical,algo,test_accuracy,training_accuracy,test_mse,training_mse
run_classifier,0.90145111084,0.17573739164,0.0308836308203,86,1120,True,RFC,0.027139874739,0.863392857143,,

Running ML for column "sulphates"
function,runtime_seconds,target_stdev,target_variance,target_num_unique,num_rows,target_is_numerical,algo,test_accuracy,training_accuracy,test_mse,training_mse
run_regressor,0.933267116547,0.165320814502,0.0273309717075,89,1120,True,RFR,,,155.353569937,40.9098214286
function,runtime_seconds,target_stdev,target_variance,target_num_unique,num_rows,target_is_numerical,algo,test_accuracy,training_accuracy,test_mse,training_mse
run_regressor,0.344913959503,0.165320814502,0.0273309717075,89,1120,True,SVR,,,212.35520293,238.229141843
function,runtime_seconds,target_stdev,target_variance,target_num_unique,num_rows,target_is_numerical,algo,test_accuracy,training_accuracy,test_mse,training_mse
run_regressor,0.0571131706238,0.165320814502,0.0273309717075,89,1120,True,LinR,,,148.624957557,183.381386214
function,runtime_seconds,target_stdev,target_variance,target_num_unique,num_rows,target_is_numerical,algo,test_accuracy,training_accuracy,test_mse,training_mse
run_classifier,3.34119391441,0.165320814502,0.0273309717075,89,1120,True,LogRC,0.035490605428,0.147321428571,,
function,runtime_seconds,target_stdev,target_variance,target_num_unique,num_rows,target_is_numerical,algo,test_accuracy,training_accuracy,test_mse,training_mse
run_classifier,0.386570930481,0.165320814502,0.0273309717075,89,1120,True,DTC,0.0417536534447,0.857142857143,,
function,runtime_seconds,target_stdev,target_variance,target_num_unique,num_rows,target_is_numerical,algo,test_accuracy,training_accuracy,test_mse,training_mse
run_classifier,2.05014586449,0.165320814502,0.0273309717075,89,1120,True,SVC,0.0459290187891,0.0446428571429,,
function,runtime_seconds,target_stdev,target_variance,target_num_unique,num_rows,target_is_numerical,algo,test_accuracy,training_accuracy,test_mse,training_mse
run_classifier,0.937290906906,0.165320814502,0.0273309717075,89,1120,True,RFC,0.0480167014614,0.855357142857,,

Running ML for column "alcohol"
function,runtime_seconds,target_stdev,target_variance,target_num_unique,num_rows,target_is_numerical,algo,test_accuracy,training_accuracy,test_mse,training_mse
run_regressor,0.824460029602,0.215140180312,0.0462852971849,50,1120,True,RFR,,,68.16144746,16.3438055556
function,runtime_seconds,target_stdev,target_variance,target_num_unique,num_rows,target_is_numerical,algo,test_accuracy,training_accuracy,test_mse,training_mse
run_regressor,0.343435049057,0.215140180312,0.0462852971849,50,1120,True,SVR,,,209.523509177,174.315750055
function,runtime_seconds,target_stdev,target_variance,target_num_unique,num_rows,target_is_numerical,algo,test_accuracy,training_accuracy,test_mse,training_mse
run_regressor,0.0564169883728,0.215140180312,0.0462852971849,50,1120,True,LinR,,,53.3711049851,58.3079627669
function,runtime_seconds,target_stdev,target_variance,target_num_unique,num_rows,target_is_numerical,algo,test_accuracy,training_accuracy,test_mse,training_mse
run_classifier,2.1975030899,0.215140180312,0.0462852971849,50,1120,True,LogRC,0.0772442588727,0.183928571429,,
function,runtime_seconds,target_stdev,target_variance,target_num_unique,num_rows,target_is_numerical,algo,test_accuracy,training_accuracy,test_mse,training_mse
run_classifier,0.265337944031,0.215140180312,0.0462852971849,50,1120,True,DTC,0.0751565762004,0.865178571429,,
function,runtime_seconds,target_stdev,target_variance,target_num_unique,num_rows,target_is_numerical,algo,test_accuracy,training_accuracy,test_mse,training_mse
run_classifier,1.44771003723,0.215140180312,0.0462852971849,50,1120,True,SVC,0.0647181628392,0.0973214285714,,
function,runtime_seconds,target_stdev,target_variance,target_num_unique,num_rows,target_is_numerical,algo,test_accuracy,training_accuracy,test_mse,training_mse
run_classifier,0.715856790543,0.215140180312,0.0462852971849,50,1120,True,RFC,0.0855949895616,0.86875,,

Running ML for column "quality"
function,runtime_seconds,target_stdev,target_variance,target_num_unique,num_rows,target_is_numerical,algo,test_accuracy,training_accuracy,test_mse,training_mse
run_regressor,0.834779024124,0.162068840943,0.0262663092046,6,1120,True,RFR,,,0.485353746231,0.117904761905
function,runtime_seconds,target_stdev,target_variance,target_num_unique,num_rows,target_is_numerical,algo,test_accuracy,training_accuracy,test_mse,training_mse
run_regressor,0.456152915955,0.162068840943,0.0262663092046,6,1120,True,SVR,,,0.6401917295,0.166491542499
function,runtime_seconds,target_stdev,target_variance,target_num_unique,num_rows,target_is_numerical,algo,test_accuracy,training_accuracy,test_mse,training_mse
run_regressor,0.0512659549713,0.162068840943,0.0262663092046,6,1120,True,LinR,,,0.448342399358,0.41157511021
function,runtime_seconds,target_stdev,target_variance,target_num_unique,num_rows,target_is_numerical,algo,test_accuracy,training_accuracy,test_mse,training_mse
run_classifier,0.306800842285,0.162068840943,0.0262663092046,6,1120,True,LogRC,0.586638830898,0.608035714286,,
function,runtime_seconds,target_stdev,target_variance,target_num_unique,num_rows,target_is_numerical,algo,test_accuracy,training_accuracy,test_mse,training_mse
run_classifier,0.114583969116,0.162068840943,0.0262663092046,6,1120,True,DTC,0.51356993737,0.925,,
function,runtime_seconds,target_stdev,target_variance,target_num_unique,num_rows,target_is_numerical,algo,test_accuracy,training_accuracy,test_mse,training_mse
run_classifier,0.67756319046,0.162068840943,0.0262663092046,6,1120,True,SVC,0.390396659708,0.445535714286,,
function,runtime_seconds,target_stdev,target_variance,target_num_unique,num_rows,target_is_numerical,algo,test_accuracy,training_accuracy,test_mse,training_mse
run_classifier,0.463721990585,0.162068840943,0.0262663092046,6,1120,True,RFC,0.553235908142,0.922321428571,,
Running ML algos for input dataset "datasets/regression/red.csv"
1 loops, best of 1: 112 sec per loop
