WARNING: dropped 38 NaN rows.
num_rows_f=70.000000, training=49, test=21

Running ML for column "RIVER"
function,runtime_seconds,dataset,num_rows,target_stdev,original_num_rows,original_num_cols,SFS,algo,target_is_continuous,target_num_unique,target_variance,target_is_numerical,column_name,test_accuracy,training_accuracy,test_mse,training_mse,test_R2_score,training_R2_score
run_classifier,0.0155649185181,bridges,49,,70,13,False,LogRC,False,3,,False,RIVER,0.761904761905,0.877551020408,,,,
function,runtime_seconds,dataset,num_rows,target_stdev,original_num_rows,original_num_cols,SFS,algo,target_is_continuous,target_num_unique,target_variance,target_is_numerical,column_name,test_accuracy,training_accuracy,test_mse,training_mse,test_R2_score,training_R2_score
run_classifier,0.0137369632721,bridges,49,,70,13,False,DTC,False,3,,False,RIVER,0.857142857143,1.0,,,,
function,runtime_seconds,dataset,num_rows,target_stdev,original_num_rows,original_num_cols,SFS,algo,target_is_continuous,target_num_unique,target_variance,target_is_numerical,column_name,test_accuracy,training_accuracy,test_mse,training_mse,test_R2_score,training_R2_score
run_classifier,0.995752096176,bridges,49,,70,13,False,RFC,False,3,,False,RIVER,0.714285714286,1.0,,,,
function,runtime_seconds,dataset,num_rows,target_stdev,original_num_rows,original_num_cols,SFS,algo,target_is_continuous,target_num_unique,target_variance,target_is_numerical,column_name,test_accuracy,training_accuracy,test_mse,training_mse,test_R2_score,training_R2_score
run_regressor,1.21136307716,bridges,49,,70,13,False,RFR,False,3,,False,RIVER,,,0.37291005291,0.00244897959184,0.33688172043,0.994595588235
function,runtime_seconds,dataset,num_rows,target_stdev,original_num_rows,original_num_cols,SFS,algo,target_is_continuous,target_num_unique,target_variance,target_is_numerical,column_name,test_accuracy,training_accuracy,test_mse,training_mse,test_R2_score,training_R2_score
run_regressor,0.0106818675995,bridges,49,,70,13,False,LinR,False,3,,False,RIVER,,,1.45980028085,0.29237072155,-1.59585453167,0.354795861727

Running ML for column "LOCATION"
function,runtime_seconds,dataset,num_rows,target_stdev,original_num_rows,original_num_cols,SFS,algo,target_is_continuous,target_num_unique,target_variance,target_is_numerical,column_name,test_accuracy,training_accuracy,test_mse,training_mse,test_R2_score,training_R2_score
run_regressor,1.16610908508,bridges,49,0.258643338608,70,13,False,RFR,True,33,0.0668963766062,True,LOCATION,,,56.5717989418,21.5613605442,0.737878060372,0.857194171044
function,runtime_seconds,dataset,num_rows,target_stdev,original_num_rows,original_num_cols,SFS,algo,target_is_continuous,target_num_unique,target_variance,target_is_numerical,column_name,test_accuracy,training_accuracy,test_mse,training_mse,test_R2_score,training_R2_score
run_regressor,0.0136849880219,bridges,49,0.258643338608,70,13,False,LinR,True,33,0.0668963766062,True,LOCATION,,,257.319585208,137.907753172,-0.192274420128,0.0866053665359

Running ML for column "ERECTED"
function,runtime_seconds,dataset,num_rows,target_stdev,original_num_rows,original_num_cols,SFS,algo,target_is_continuous,target_num_unique,target_variance,target_is_numerical,column_name,test_accuracy,training_accuracy,test_mse,training_mse,test_R2_score,training_R2_score
run_classifier,0.0167009830475,bridges,49,,70,13,False,LogRC,False,3,,False,ERECTED,0.238095238095,0.877551020408,,,,
function,runtime_seconds,dataset,num_rows,target_stdev,original_num_rows,original_num_cols,SFS,algo,target_is_continuous,target_num_unique,target_variance,target_is_numerical,column_name,test_accuracy,training_accuracy,test_mse,training_mse,test_R2_score,training_R2_score
run_classifier,0.0151250362396,bridges,49,,70,13,False,DTC,False,3,,False,ERECTED,0.142857142857,0.938775510204,,,,
function,runtime_seconds,dataset,num_rows,target_stdev,original_num_rows,original_num_cols,SFS,algo,target_is_continuous,target_num_unique,target_variance,target_is_numerical,column_name,test_accuracy,training_accuracy,test_mse,training_mse,test_R2_score,training_R2_score
run_classifier,0.994837999344,bridges,49,,70,13,False,RFC,False,3,,False,ERECTED,0.238095238095,0.897959183673,,,,
function,runtime_seconds,dataset,num_rows,target_stdev,original_num_rows,original_num_cols,SFS,algo,target_is_continuous,target_num_unique,target_variance,target_is_numerical,column_name,test_accuracy,training_accuracy,test_mse,training_mse,test_R2_score,training_R2_score
run_regressor,1.18391895294,bridges,49,,70,13,False,RFR,False,3,,False,ERECTED,,,0.845291005291,0.364172335601,-3.65966666667,0.445894944374
function,runtime_seconds,dataset,num_rows,target_stdev,original_num_rows,original_num_cols,SFS,algo,target_is_continuous,target_num_unique,target_variance,target_is_numerical,column_name,test_accuracy,training_accuracy,test_mse,training_mse,test_R2_score,training_R2_score
run_regressor,0.0135910511017,bridges,49,,70,13,False,LinR,False,3,,False,ERECTED,,,1.25579290947,0.319755927554,-5.92255841346,0.513476563968

Running ML for column "PURPOSE"
function,runtime_seconds,dataset,num_rows,target_stdev,original_num_rows,original_num_cols,SFS,algo,target_is_continuous,target_num_unique,target_variance,target_is_numerical,column_name,test_accuracy,training_accuracy,test_mse,training_mse,test_R2_score,training_R2_score
run_classifier,0.0140390396118,bridges,49,,70,13,False,LogRC,False,3,,False,PURPOSE,0.952380952381,0.632653061224,,,,
function,runtime_seconds,dataset,num_rows,target_stdev,original_num_rows,original_num_cols,SFS,algo,target_is_continuous,target_num_unique,target_variance,target_is_numerical,column_name,test_accuracy,training_accuracy,test_mse,training_mse,test_R2_score,training_R2_score
run_classifier,0.0181670188904,bridges,49,,70,13,False,DTC,False,3,,False,PURPOSE,0.571428571429,0.857142857143,,,,
function,runtime_seconds,dataset,num_rows,target_stdev,original_num_rows,original_num_cols,SFS,algo,target_is_continuous,target_num_unique,target_variance,target_is_numerical,column_name,test_accuracy,training_accuracy,test_mse,training_mse,test_R2_score,training_R2_score
run_classifier,0.987535953522,bridges,49,,70,13,False,RFC,False,3,,False,PURPOSE,0.761904761905,0.836734693878,,,,
function,runtime_seconds,dataset,num_rows,target_stdev,original_num_rows,original_num_cols,SFS,algo,target_is_continuous,target_num_unique,target_variance,target_is_numerical,column_name,test_accuracy,training_accuracy,test_mse,training_mse,test_R2_score,training_R2_score
run_regressor,1.16999912262,bridges,49,,70,13,False,RFR,False,3,,False,PURPOSE,,,0.0859259259259,0.134149659864,-0.894666666667,0.530476190476
function,runtime_seconds,dataset,num_rows,target_stdev,original_num_rows,original_num_cols,SFS,algo,target_is_continuous,target_num_unique,target_variance,target_is_numerical,column_name,test_accuracy,training_accuracy,test_mse,training_mse,test_R2_score,training_R2_score
run_regressor,0.0106840133667,bridges,49,,70,13,False,LinR,False,3,,False,PURPOSE,,,0.268905495622,0.275540196585,-4.92936617847,0.035609311952

Running ML for column "LENGTH"
function,runtime_seconds,dataset,num_rows,target_stdev,original_num_rows,original_num_cols,SFS,algo,target_is_continuous,target_num_unique,target_variance,target_is_numerical,column_name,test_accuracy,training_accuracy,test_mse,training_mse,test_R2_score,training_R2_score
run_classifier,0.0145001411438,bridges,49,,70,13,False,LogRC,False,3,,False,LENGTH,0.428571428571,0.69387755102,,,,
function,runtime_seconds,dataset,num_rows,target_stdev,original_num_rows,original_num_cols,SFS,algo,target_is_continuous,target_num_unique,target_variance,target_is_numerical,column_name,test_accuracy,training_accuracy,test_mse,training_mse,test_R2_score,training_R2_score
run_classifier,0.0121321678162,bridges,49,,70,13,False,DTC,False,3,,False,LENGTH,0.428571428571,0.795918367347,,,,
function,runtime_seconds,dataset,num_rows,target_stdev,original_num_rows,original_num_cols,SFS,algo,target_is_continuous,target_num_unique,target_variance,target_is_numerical,column_name,test_accuracy,training_accuracy,test_mse,training_mse,test_R2_score,training_R2_score
run_classifier,0.972219944,bridges,49,,70,13,False,RFC,False,3,,False,LENGTH,0.428571428571,0.836734693878,,,,
function,runtime_seconds,dataset,num_rows,target_stdev,original_num_rows,original_num_cols,SFS,algo,target_is_continuous,target_num_unique,target_variance,target_is_numerical,column_name,test_accuracy,training_accuracy,test_mse,training_mse,test_R2_score,training_R2_score
run_regressor,1.18595099449,bridges,49,,70,13,False,RFR,False,3,,False,LENGTH,,,0.593862433862,0.208888888889,-0.247111111111,0.452464822902
function,runtime_seconds,dataset,num_rows,target_stdev,original_num_rows,original_num_cols,SFS,algo,target_is_continuous,target_num_unique,target_variance,target_is_numerical,column_name,test_accuracy,training_accuracy,test_mse,training_mse,test_R2_score,training_R2_score
run_regressor,0.0160710811615,bridges,49,,70,13,False,LinR,False,3,,False,LENGTH,,,0.642316484868,0.240978307926,-0.348864618223,0.368352710338

Running ML for column "LANES"
function,runtime_seconds,dataset,num_rows,target_stdev,original_num_rows,original_num_cols,SFS,algo,target_is_continuous,target_num_unique,target_variance,target_is_numerical,column_name,test_accuracy,training_accuracy,test_mse,training_mse,test_R2_score,training_R2_score
run_regressor,1.18117785454,bridges,49,0.295947687968,70,13,False,RFR,True,3,0.0875850340136,True,LANES,,,1.65947089947,0.514376417234,0.0268262411348,0.333863118782
function,runtime_seconds,dataset,num_rows,target_stdev,original_num_rows,original_num_cols,SFS,algo,target_is_continuous,target_num_unique,target_variance,target_is_numerical,column_name,test_accuracy,training_accuracy,test_mse,training_mse,test_R2_score,training_R2_score
run_regressor,0.0143740177155,bridges,49,0.295947687968,70,13,False,LinR,True,3,0.0875850340136,True,LANES,,,3.76146818978,0.664407476164,-1.20586099959,0.139567232864

Running ML for column "CLEAR-G"
function,runtime_seconds,dataset,num_rows,target_stdev,original_num_rows,original_num_cols,SFS,algo,target_is_continuous,target_num_unique,target_variance,target_is_numerical,column_name,test_accuracy,training_accuracy,test_mse,training_mse,test_R2_score,training_R2_score
run_classifier,0.0160191059113,bridges,49,,70,13,False,LogRC,False,2,,False,CLEAR-G,0.809523809524,0.938775510204,,,,
function,runtime_seconds,dataset,num_rows,target_stdev,original_num_rows,original_num_cols,SFS,algo,target_is_continuous,target_num_unique,target_variance,target_is_numerical,column_name,test_accuracy,training_accuracy,test_mse,training_mse,test_R2_score,training_R2_score
run_classifier,0.0140650272369,bridges,49,,70,13,False,DTC,False,2,,False,CLEAR-G,0.666666666667,0.857142857143,,,,
function,runtime_seconds,dataset,num_rows,target_stdev,original_num_rows,original_num_cols,SFS,algo,target_is_continuous,target_num_unique,target_variance,target_is_numerical,column_name,test_accuracy,training_accuracy,test_mse,training_mse,test_R2_score,training_R2_score
run_classifier,0.981288909912,bridges,49,,70,13,False,RFC,False,2,,False,CLEAR-G,0.809523809524,0.877551020408,,,,
function,runtime_seconds,dataset,num_rows,target_stdev,original_num_rows,original_num_cols,SFS,algo,target_is_continuous,target_num_unique,target_variance,target_is_numerical,column_name,test_accuracy,training_accuracy,test_mse,training_mse,test_R2_score,training_R2_score
run_regressor,1.1944231987,bridges,49,,70,13,False,RFR,False,2,,False,CLEAR-G,,,0.190476190476,0.0873469387755,-0.235294117647,0.572
function,runtime_seconds,dataset,num_rows,target_stdev,original_num_rows,original_num_cols,SFS,algo,target_is_continuous,target_num_unique,target_variance,target_is_numerical,column_name,test_accuracy,training_accuracy,test_mse,training_mse,test_R2_score,training_R2_score
run_regressor,0.0132298469543,bridges,49,,70,13,False,LinR,False,2,,False,CLEAR-G,,,0.466493710825,0.101204581565,-2.02534891874,0.504097550332

Running ML for column "T-OR-D"
function,runtime_seconds,dataset,num_rows,target_stdev,original_num_rows,original_num_cols,SFS,algo,target_is_continuous,target_num_unique,target_variance,target_is_numerical,column_name,test_accuracy,training_accuracy,test_mse,training_mse,test_R2_score,training_R2_score
run_classifier,0.0134379863739,bridges,49,,70,13,False,LogRC,False,2,,False,T-OR-D,0.619047619048,0.918367346939,,,,
function,runtime_seconds,dataset,num_rows,target_stdev,original_num_rows,original_num_cols,SFS,algo,target_is_continuous,target_num_unique,target_variance,target_is_numerical,column_name,test_accuracy,training_accuracy,test_mse,training_mse,test_R2_score,training_R2_score
run_classifier,0.0167729854584,bridges,49,,70,13,False,DTC,False,2,,False,T-OR-D,0.666666666667,0.959183673469,,,,
function,runtime_seconds,dataset,num_rows,target_stdev,original_num_rows,original_num_cols,SFS,algo,target_is_continuous,target_num_unique,target_variance,target_is_numerical,column_name,test_accuracy,training_accuracy,test_mse,training_mse,test_R2_score,training_R2_score
run_classifier,1.01706290245,bridges,49,,70,13,False,RFC,False,2,,False,T-OR-D,0.666666666667,0.959183673469,,,,
function,runtime_seconds,dataset,num_rows,target_stdev,original_num_rows,original_num_cols,SFS,algo,target_is_continuous,target_num_unique,target_variance,target_is_numerical,column_name,test_accuracy,training_accuracy,test_mse,training_mse,test_R2_score,training_R2_score
run_regressor,1.16355800629,bridges,49,,70,13,False,RFR,False,2,,False,T-OR-D,,,0.238941798942,0.0468027210884,-0.0132051282051,0.489212121212
function,runtime_seconds,dataset,num_rows,target_stdev,original_num_rows,original_num_cols,SFS,algo,target_is_continuous,target_num_unique,target_variance,target_is_numerical,column_name,test_accuracy,training_accuracy,test_mse,training_mse,test_R2_score,training_R2_score
run_regressor,0.0115439891815,bridges,49,,70,13,False,LinR,False,2,,False,T-OR-D,,,0.238757584641,0.0680612314553,-0.0124239887201,0.257204469436

Running ML for column "MATERIAL"
function,runtime_seconds,dataset,num_rows,target_stdev,original_num_rows,original_num_cols,SFS,algo,target_is_continuous,target_num_unique,target_variance,target_is_numerical,column_name,test_accuracy,training_accuracy,test_mse,training_mse,test_R2_score,training_R2_score
run_classifier,0.0124251842499,bridges,49,,70,13,False,LogRC,False,3,,False,MATERIAL,1.0,0.734693877551,,,,
function,runtime_seconds,dataset,num_rows,target_stdev,original_num_rows,original_num_cols,SFS,algo,target_is_continuous,target_num_unique,target_variance,target_is_numerical,column_name,test_accuracy,training_accuracy,test_mse,training_mse,test_R2_score,training_R2_score
run_classifier,0.0145599842072,bridges,49,,70,13,False,DTC,False,3,,False,MATERIAL,1.0,1.0,,,,
function,runtime_seconds,dataset,num_rows,target_stdev,original_num_rows,original_num_cols,SFS,algo,target_is_continuous,target_num_unique,target_variance,target_is_numerical,column_name,test_accuracy,training_accuracy,test_mse,training_mse,test_R2_score,training_R2_score
run_classifier,0.985316038132,bridges,49,,70,13,False,RFC,False,3,,False,MATERIAL,0.952380952381,0.979591836735,,,,
function,runtime_seconds,dataset,num_rows,target_stdev,original_num_rows,original_num_cols,SFS,algo,target_is_continuous,target_num_unique,target_variance,target_is_numerical,column_name,test_accuracy,training_accuracy,test_mse,training_mse,test_R2_score,training_R2_score
run_regressor,1.18754792213,bridges,49,,70,13,False,RFR,False,3,,False,MATERIAL,,,0.021164021164,0.0127891156463,0.0,0.949825708061
function,runtime_seconds,dataset,num_rows,target_stdev,original_num_rows,original_num_cols,SFS,algo,target_is_continuous,target_num_unique,target_variance,target_is_numerical,column_name,test_accuracy,training_accuracy,test_mse,training_mse,test_R2_score,training_R2_score
run_regressor,0.0109541416168,bridges,49,,70,13,False,LinR,False,3,,False,MATERIAL,,,0.418766720818,0.363923129518,0.0,-0.427744173158

Running ML for column "SPAN"
function,runtime_seconds,dataset,num_rows,target_stdev,original_num_rows,original_num_cols,SFS,algo,target_is_continuous,target_num_unique,target_variance,target_is_numerical,column_name,test_accuracy,training_accuracy,test_mse,training_mse,test_R2_score,training_R2_score
run_classifier,0.0155210494995,bridges,49,,70,13,False,LogRC,False,3,,False,SPAN,0.619047619048,0.734693877551,,,,
function,runtime_seconds,dataset,num_rows,target_stdev,original_num_rows,original_num_cols,SFS,algo,target_is_continuous,target_num_unique,target_variance,target_is_numerical,column_name,test_accuracy,training_accuracy,test_mse,training_mse,test_R2_score,training_R2_score
run_classifier,0.0144519805908,bridges,49,,70,13,False,DTC,False,3,,False,SPAN,0.619047619048,0.836734693878,,,,
function,runtime_seconds,dataset,num_rows,target_stdev,original_num_rows,original_num_cols,SFS,algo,target_is_continuous,target_num_unique,target_variance,target_is_numerical,column_name,test_accuracy,training_accuracy,test_mse,training_mse,test_R2_score,training_R2_score
run_classifier,0.971091032028,bridges,49,,70,13,False,RFC,False,3,,False,SPAN,0.714285714286,0.816326530612,,,,
function,runtime_seconds,dataset,num_rows,target_stdev,original_num_rows,original_num_cols,SFS,algo,target_is_continuous,target_num_unique,target_variance,target_is_numerical,column_name,test_accuracy,training_accuracy,test_mse,training_mse,test_R2_score,training_R2_score
run_regressor,1.15193486214,bridges,49,,70,13,False,RFR,False,3,,False,SPAN,,,0.269206349206,0.178140589569,-0.141538461538,0.527907775325
function,runtime_seconds,dataset,num_rows,target_stdev,original_num_rows,original_num_cols,SFS,algo,target_is_continuous,target_num_unique,target_variance,target_is_numerical,column_name,test_accuracy,training_accuracy,test_mse,training_mse,test_R2_score,training_R2_score
run_regressor,0.0127429962158,bridges,49,,70,13,False,LinR,False,3,,False,SPAN,,,0.170762899671,0.2069230237,0.275899627356,0.451631148009

Running ML for column "REL-L"
function,runtime_seconds,dataset,num_rows,target_stdev,original_num_rows,original_num_cols,SFS,algo,target_is_continuous,target_num_unique,target_variance,target_is_numerical,column_name,test_accuracy,training_accuracy,test_mse,training_mse,test_R2_score,training_R2_score
run_classifier,0.0167589187622,bridges,49,,70,13,False,LogRC,False,3,,False,REL-L,0.47619047619,0.775510204082,,,,
function,runtime_seconds,dataset,num_rows,target_stdev,original_num_rows,original_num_cols,SFS,algo,target_is_continuous,target_num_unique,target_variance,target_is_numerical,column_name,test_accuracy,training_accuracy,test_mse,training_mse,test_R2_score,training_R2_score
run_classifier,0.0146811008453,bridges,49,,70,13,False,DTC,False,3,,False,REL-L,0.666666666667,0.775510204082,,,,
function,runtime_seconds,dataset,num_rows,target_stdev,original_num_rows,original_num_cols,SFS,algo,target_is_continuous,target_num_unique,target_variance,target_is_numerical,column_name,test_accuracy,training_accuracy,test_mse,training_mse,test_R2_score,training_R2_score
run_classifier,0.970305919647,bridges,49,,70,13,False,RFC,False,3,,False,REL-L,0.619047619048,0.836734693878,,,,
function,runtime_seconds,dataset,num_rows,target_stdev,original_num_rows,original_num_cols,SFS,algo,target_is_continuous,target_num_unique,target_variance,target_is_numerical,column_name,test_accuracy,training_accuracy,test_mse,training_mse,test_R2_score,training_R2_score
run_regressor,1.17295885086,bridges,49,,70,13,False,RFR,False,3,,False,REL-L,,,0.820952380952,0.23156462585,-0.00566666666667,0.562903563941
function,runtime_seconds,dataset,num_rows,target_stdev,original_num_rows,original_num_cols,SFS,algo,target_is_continuous,target_num_unique,target_variance,target_is_numerical,column_name,test_accuracy,training_accuracy,test_mse,training_mse,test_R2_score,training_R2_score
run_regressor,0.0162780284882,bridges,49,,70,13,False,LinR,False,3,,False,REL-L,,,3.0580077605,0.687028719045,-2.74605950662,-0.296820718889

Running ML for column "TYPE"
function,runtime_seconds,dataset,num_rows,target_stdev,original_num_rows,original_num_cols,SFS,algo,target_is_continuous,target_num_unique,target_variance,target_is_numerical,column_name,test_accuracy,training_accuracy,test_mse,training_mse,test_R2_score,training_R2_score
run_classifier,0.0271918773651,bridges,49,,70,13,False,LogRC,False,6,,False,TYPE,0.190476190476,0.734693877551,,,,
function,runtime_seconds,dataset,num_rows,target_stdev,original_num_rows,original_num_cols,SFS,algo,target_is_continuous,target_num_unique,target_variance,target_is_numerical,column_name,test_accuracy,training_accuracy,test_mse,training_mse,test_R2_score,training_R2_score
run_classifier,0.020073890686,bridges,49,,70,13,False,DTC,False,6,,False,TYPE,0.190476190476,0.816326530612,,,,
function,runtime_seconds,dataset,num_rows,target_stdev,original_num_rows,original_num_cols,SFS,algo,target_is_continuous,target_num_unique,target_variance,target_is_numerical,column_name,test_accuracy,training_accuracy,test_mse,training_mse,test_R2_score,training_R2_score
run_classifier,0.985345840454,bridges,49,,70,13,False,RFC,False,6,,False,TYPE,0.190476190476,0.836734693878,,,,
function,runtime_seconds,dataset,num_rows,target_stdev,original_num_rows,original_num_cols,SFS,algo,target_is_continuous,target_num_unique,target_variance,target_is_numerical,column_name,test_accuracy,training_accuracy,test_mse,training_mse,test_R2_score,training_R2_score
run_regressor,1.21852493286,bridges,49,,70,13,False,RFR,False,6,,False,TYPE,,,1.73079365079,1.18149659864,-0.334405594406,0.497738432483
function,runtime_seconds,dataset,num_rows,target_stdev,original_num_rows,original_num_cols,SFS,algo,target_is_continuous,target_num_unique,target_variance,target_is_numerical,column_name,test_accuracy,training_accuracy,test_mse,training_mse,test_R2_score,training_R2_score
run_regressor,0.0151739120483,bridges,49,,70,13,False,LinR,False,6,,False,TYPE,,,1.55172039633,2.63668139316,-0.196343871994,-0.120869692808
Running ML algos for input dataset "datasets/from_FD_paper/bridges.csv"
1 loops, best of 1: 25.3 sec per loop
