num_rows_f=28056.000000, training=19640, test=8416

Running ML for column "White King File"
function,runtime_seconds,target_stdev,target_variance,target_num_unique,num_rows,target_is_numerical,algo,test_accuracy,training_accuracy,test_mse,training_mse
run_classifier,0.834748983383,,,4,19640,False,LogRC,0.274596007605,0.50117107943,,
function,runtime_seconds,target_stdev,target_variance,target_num_unique,num_rows,target_is_numerical,algo,test_accuracy,training_accuracy,test_mse,training_mse
run_classifier,0.31670999527,,,4,19640,False,DTC,0.252257604563,0.775254582485,,
//anaconda/envs/python2/lib/python2.7/site-packages/sklearn/svm/base.py:552: ChangedBehaviorWarning: The decision_function_shape default value will change from 'ovo' to 'ovr' in 0.19. This will change the shape of the decision function returned by SVC.
  "SVC.", ChangedBehaviorWarning)
function,runtime_seconds,target_stdev,target_variance,target_num_unique,num_rows,target_is_numerical,algo,test_accuracy,training_accuracy,test_mse,training_mse
run_classifier,85.3714411259,,,4,19640,False,SVC,0.348265209125,0.49017311609,,
function,runtime_seconds,target_stdev,target_variance,target_num_unique,num_rows,target_is_numerical,algo,test_accuracy,training_accuracy,test_mse,training_mse
run_classifier,1.14071512222,,,4,19640,False,RFC,0.249524714829,0.770366598778,,

Running ML for column "White King Rank"
//anaconda/envs/python2/lib/python2.7/site-packages/sklearn/utils/validation.py:429: DataConversionWarning: Data with input dtype int64 was converted to float64 by MinMaxScaler.
  warnings.warn(msg, _DataConversionWarning)
function,runtime_seconds,target_stdev,target_variance,target_num_unique,num_rows,target_is_numerical,algo,test_accuracy,training_accuracy,test_mse,training_mse
run_regressor,2.17587208748,0.321248305704,0.103200473917,4,19640,True,RFR,,,1.14805596499,0.250921717088
function,runtime_seconds,target_stdev,target_variance,target_num_unique,num_rows,target_is_numerical,algo,test_accuracy,training_accuracy,test_mse,training_mse
run_regressor,73.6559929848,0.321248305704,0.103200473917,4,19640,True,SVR,,,1.46616612433,0.335333888686
//anaconda/envs/python2/lib/python2.7/site-packages/scipy/linalg/basic.py:884: RuntimeWarning: internal gelsd driver lwork query error, required iwork dimension not returned. This is likely the result of LAPACK bug 0038, fixed in LAPACK 3.2.2 (released July 21, 2010). Falling back to 'gelss' driver.
  warnings.warn(mesg, RuntimeWarning)
function,runtime_seconds,target_stdev,target_variance,target_num_unique,num_rows,target_is_numerical,algo,test_accuracy,training_accuracy,test_mse,training_mse
run_regressor,0.0683360099792,0.321248305704,0.103200473917,4,19640,True,LinR,,,0.707493873793,0.661512095189
function,runtime_seconds,target_stdev,target_variance,target_num_unique,num_rows,target_is_numerical,algo,test_accuracy,training_accuracy,test_mse,training_mse
run_classifier,0.874804973602,0.321248305704,0.103200473917,4,19640,True,LogRC,0.517347908745,0.429073319756,,
function,runtime_seconds,target_stdev,target_variance,target_num_unique,num_rows,target_is_numerical,algo,test_accuracy,training_accuracy,test_mse,training_mse
run_classifier,0.306762218475,0.321248305704,0.103200473917,4,19640,True,DTC,0.413735741445,0.756720977597,,
function,runtime_seconds,target_stdev,target_variance,target_num_unique,num_rows,target_is_numerical,algo,test_accuracy,training_accuracy,test_mse,training_mse
run_classifier,84.0767931938,0.321248305704,0.103200473917,4,19640,True,SVC,0.392823193916,0.552545824847,,
function,runtime_seconds,target_stdev,target_variance,target_num_unique,num_rows,target_is_numerical,algo,test_accuracy,training_accuracy,test_mse,training_mse
run_classifier,1.1886639595,0.321248305704,0.103200473917,4,19640,True,RFC,0.398407794677,0.753920570265,,

Running ML for column "White Rook File"
function,runtime_seconds,target_stdev,target_variance,target_num_unique,num_rows,target_is_numerical,algo,test_accuracy,training_accuracy,test_mse,training_mse
run_classifier,1.52224898338,,,8,19640,False,LogRC,0.0671340304183,0.161863543788,,
function,runtime_seconds,target_stdev,target_variance,target_num_unique,num_rows,target_is_numerical,algo,test_accuracy,training_accuracy,test_mse,training_mse
run_classifier,0.379070997238,,,8,19640,False,DTC,0.0825807984791,0.424847250509,,
function,runtime_seconds,target_stdev,target_variance,target_num_unique,num_rows,target_is_numerical,algo,test_accuracy,training_accuracy,test_mse,training_mse
run_classifier,107.078655005,,,8,19640,False,SVC,0.0970769961977,0.162270875764,,
function,runtime_seconds,target_stdev,target_variance,target_num_unique,num_rows,target_is_numerical,algo,test_accuracy,training_accuracy,test_mse,training_mse
run_classifier,1.29076004028,,,8,19640,False,RFC,0.0740256653992,0.422912423625,,

Running ML for column "White Rook Rank"
function,runtime_seconds,target_stdev,target_variance,target_num_unique,num_rows,target_is_numerical,algo,test_accuracy,training_accuracy,test_mse,training_mse
run_regressor,2.05097198486,0.318066796689,0.101166487156,8,19640,True,RFR,,,7.0947491808,3.35109672265
function,runtime_seconds,target_stdev,target_variance,target_num_unique,num_rows,target_is_numerical,algo,test_accuracy,training_accuracy,test_mse,training_mse
run_regressor,69.4555308819,0.318066796689,0.101166487156,8,19640,True,SVR,,,6.76239289248,3.76664480848
function,runtime_seconds,target_stdev,target_variance,target_num_unique,num_rows,target_is_numerical,algo,test_accuracy,training_accuracy,test_mse,training_mse
run_regressor,0.0690162181854,0.318066796689,0.101166487156,8,19640,True,LinR,,,5.83878101345,4.9451558538
function,runtime_seconds,target_stdev,target_variance,target_num_unique,num_rows,target_is_numerical,algo,test_accuracy,training_accuracy,test_mse,training_mse
run_classifier,1.77641892433,0.318066796689,0.101166487156,8,19640,True,LogRC,0.0811549429658,0.164816700611,,
function,runtime_seconds,target_stdev,target_variance,target_num_unique,num_rows,target_is_numerical,algo,test_accuracy,training_accuracy,test_mse,training_mse
run_classifier,0.474934101105,0.318066796689,0.101166487156,8,19640,True,DTC,0.107414448669,0.410183299389,,
function,runtime_seconds,target_stdev,target_variance,target_num_unique,num_rows,target_is_numerical,algo,test_accuracy,training_accuracy,test_mse,training_mse
run_classifier,111.871609926,0.318066796689,0.101166487156,8,19640,True,SVC,0.103255703422,0.172759674134,,
function,runtime_seconds,target_stdev,target_variance,target_num_unique,num_rows,target_is_numerical,algo,test_accuracy,training_accuracy,test_mse,training_mse
run_classifier,1.33976697922,0.318066796689,0.101166487156,8,19640,True,RFC,0.0865019011407,0.407790224033,,

Running ML for column "Black King File"
function,runtime_seconds,target_stdev,target_variance,target_num_unique,num_rows,target_is_numerical,algo,test_accuracy,training_accuracy,test_mse,training_mse
run_classifier,1.77381515503,,,8,19640,False,LogRC,0.0584600760456,0.223523421589,,
function,runtime_seconds,target_stdev,target_variance,target_num_unique,num_rows,target_is_numerical,algo,test_accuracy,training_accuracy,test_mse,training_mse
run_classifier,0.386701822281,,,8,19640,False,DTC,0.0754515209125,0.527800407332,,
function,runtime_seconds,target_stdev,target_variance,target_num_unique,num_rows,target_is_numerical,algo,test_accuracy,training_accuracy,test_mse,training_mse
run_classifier,101.271922112,,,8,19640,False,SVC,0.0597671102662,0.243940936864,,
function,runtime_seconds,target_stdev,target_variance,target_num_unique,num_rows,target_is_numerical,algo,test_accuracy,training_accuracy,test_mse,training_mse
run_classifier,1.40201711655,,,8,19640,False,RFC,0.0569153992395,0.524083503055,,

Running ML for column "Black King Rank"
function,runtime_seconds,target_stdev,target_variance,target_num_unique,num_rows,target_is_numerical,algo,test_accuracy,training_accuracy,test_mse,training_mse
run_regressor,2.06561684608,0.345861806343,0.119620389087,8,19640,True,RFR,,,11.2156050224,1.21339186734
function,runtime_seconds,target_stdev,target_variance,target_num_unique,num_rows,target_is_numerical,algo,test_accuracy,training_accuracy,test_mse,training_mse
run_regressor,71.9533751011,0.345861806343,0.119620389087,8,19640,True,SVR,,,9.88117995598,2.26416064041
function,runtime_seconds,target_stdev,target_variance,target_num_unique,num_rows,target_is_numerical,algo,test_accuracy,training_accuracy,test_mse,training_mse
run_regressor,0.0722219944,0.345861806343,0.119620389087,8,19640,True,LinR,,,3.02782261427,5.59004327689
function,runtime_seconds,target_stdev,target_variance,target_num_unique,num_rows,target_is_numerical,algo,test_accuracy,training_accuracy,test_mse,training_mse
run_classifier,1.86849594116,0.345861806343,0.119620389087,8,19640,True,LogRC,0.0629752851711,0.192718940937,,
function,runtime_seconds,target_stdev,target_variance,target_num_unique,num_rows,target_is_numerical,algo,test_accuracy,training_accuracy,test_mse,training_mse
run_classifier,0.380189180374,0.345861806343,0.119620389087,8,19640,True,DTC,0.0583412547529,0.538849287169,,
function,runtime_seconds,target_stdev,target_variance,target_num_unique,num_rows,target_is_numerical,algo,test_accuracy,training_accuracy,test_mse,training_mse
run_classifier,95.494587183,0.345861806343,0.119620389087,8,19640,True,SVC,0.0466967680608,0.32800407332,,
function,runtime_seconds,target_stdev,target_variance,target_num_unique,num_rows,target_is_numerical,algo,test_accuracy,training_accuracy,test_mse,training_mse
run_classifier,1.52797102928,0.345861806343,0.119620389087,8,19640,True,RFC,0.0509743346008,0.535641547862,,

Running ML for column "Endgame"
function,runtime_seconds,target_stdev,target_variance,target_num_unique,num_rows,target_is_numerical,algo,test_accuracy,training_accuracy,test_mse,training_mse
run_classifier,2.68318009377,,,15,19640,False,LogRC,0.0,0.282535641548,,
function,runtime_seconds,target_stdev,target_variance,target_num_unique,num_rows,target_is_numerical,algo,test_accuracy,training_accuracy,test_mse,training_mse
run_classifier,0.641242980957,,,15,19640,False,DTC,0.00190114068441,0.96883910387,,
function,runtime_seconds,target_stdev,target_variance,target_num_unique,num_rows,target_is_numerical,algo,test_accuracy,training_accuracy,test_mse,training_mse
run_classifier,72.6842160225,,,15,19640,False,SVC,0.000356463878327,0.332637474542,,
function,runtime_seconds,target_stdev,target_variance,target_num_unique,num_rows,target_is_numerical,algo,test_accuracy,training_accuracy,test_mse,training_mse
run_classifier,1.67257094383,,,15,19640,False,RFC,0.00142585551331,0.957230142566,,
Running ML algos for input dataset "datasets/from_FD_paper/chess-krk.csv"
1 loops, best of 1: 905 sec per loop
