num_rows_f=4177.000000, training=2924, test=1253

Running ML for column "Sex"
function,runtime_seconds,target_stdev,target_variance,target_num_unique,num_rows,target_is_numerical,algo,test_accuracy,training_accuracy,test_mse,training_mse
run_classifier,0.269910812378,,,3,2924,False,LogRC,0.548284118117,0.561559507524,,
function,runtime_seconds,target_stdev,target_variance,target_num_unique,num_rows,target_is_numerical,algo,test_accuracy,training_accuracy,test_mse,training_mse
run_classifier,0.153949022293,,,3,2924,False,DTC,0.490023942538,0.898426812585,,
//anaconda/envs/python2/lib/python2.7/site-packages/sklearn/svm/base.py:552: ChangedBehaviorWarning: The decision_function_shape default value will change from 'ovo' to 'ovr' in 0.19. This will change the shape of the decision function returned by SVC.
  "SVC.", ChangedBehaviorWarning)
function,runtime_seconds,target_stdev,target_variance,target_num_unique,num_rows,target_is_numerical,algo,test_accuracy,training_accuracy,test_mse,training_mse
run_classifier,1.93726301193,,,3,2924,False,SVC,0.314445331205,0.860123119015,,
function,runtime_seconds,target_stdev,target_variance,target_num_unique,num_rows,target_is_numerical,algo,test_accuracy,training_accuracy,test_mse,training_mse
run_classifier,0.516159057617,,,3,2924,False,RFC,0.521947326417,0.896374829001,,

Running ML for column "Length"
//anaconda/envs/python2/lib/python2.7/site-packages/sklearn/utils/validation.py:429: DataConversionWarning: Data with input dtype int64 was converted to float64 by MinMaxScaler.
  warnings.warn(msg, _DataConversionWarning)
function,runtime_seconds,target_stdev,target_variance,target_num_unique,num_rows,target_is_numerical,algo,test_accuracy,training_accuracy,test_mse,training_mse
run_regressor,1.10869908333,0.182108490585,0.0331635023431,134,2924,True,RFR,,,12.9998049127,4.37094239246
function,runtime_seconds,target_stdev,target_variance,target_num_unique,num_rows,target_is_numerical,algo,test_accuracy,training_accuracy,test_mse,training_mse
run_regressor,1.09039998055,0.182108490585,0.0331635023431,134,2924,True,SVR,,,543.429953749,567.425026125
//anaconda/envs/python2/lib/python2.7/site-packages/scipy/linalg/basic.py:884: RuntimeWarning: internal gelsd driver lwork query error, required iwork dimension not returned. This is likely the result of LAPACK bug 0038, fixed in LAPACK 3.2.2 (released July 21, 2010). Falling back to 'gelss' driver.
  warnings.warn(mesg, RuntimeWarning)
function,runtime_seconds,target_stdev,target_variance,target_num_unique,num_rows,target_is_numerical,algo,test_accuracy,training_accuracy,test_mse,training_mse
run_regressor,0.0505731105804,0.182108490585,0.0331635023431,134,2924,True,LinR,,,13.6040533823,14.0792285436
function,runtime_seconds,target_stdev,target_variance,target_num_unique,num_rows,target_is_numerical,algo,test_accuracy,training_accuracy,test_mse,training_mse
run_classifier,13.5150358677,0.182108490585,0.0331635023431,134,2924,True,LogRC,0.0399042298484,0.0820793433653,,
function,runtime_seconds,target_stdev,target_variance,target_num_unique,num_rows,target_is_numerical,algo,test_accuracy,training_accuracy,test_mse,training_mse
run_classifier,0.838989973068,0.182108490585,0.0331635023431,134,2924,True,DTC,0.096568236233,0.81805745554,,
function,runtime_seconds,target_stdev,target_variance,target_num_unique,num_rows,target_is_numerical,algo,test_accuracy,training_accuracy,test_mse,training_mse
run_classifier,10.2344379425,0.182108490585,0.0331635023431,134,2924,True,SVC,0.0159616919393,0.0249658002736,,
function,runtime_seconds,target_stdev,target_variance,target_num_unique,num_rows,target_is_numerical,algo,test_accuracy,training_accuracy,test_mse,training_mse
run_classifier,1.69784593582,0.182108490585,0.0331635023431,134,2924,True,RFC,0.100558659218,0.816005471956,,

Running ML for column "Diameter"
function,runtime_seconds,target_stdev,target_variance,target_num_unique,num_rows,target_is_numerical,algo,test_accuracy,training_accuracy,test_mse,training_mse
run_regressor,1.12472820282,0.182347399924,0.0332505742591,110,2924,True,RFR,,,10.0968378115,2.86496884025
function,runtime_seconds,target_stdev,target_variance,target_num_unique,num_rows,target_is_numerical,algo,test_accuracy,training_accuracy,test_mse,training_mse
run_regressor,1.11407208443,0.182347399924,0.0332505742591,110,2924,True,SVR,,,370.033232459,388.232160866
function,runtime_seconds,target_stdev,target_variance,target_num_unique,num_rows,target_is_numerical,algo,test_accuracy,training_accuracy,test_mse,training_mse
run_regressor,0.0491080284119,0.182347399924,0.0332505742591,110,2924,True,LinR,,,9.44744439088,8.87938353688
function,runtime_seconds,target_stdev,target_variance,target_num_unique,num_rows,target_is_numerical,algo,test_accuracy,training_accuracy,test_mse,training_mse
run_classifier,11.1610701084,0.182347399924,0.0332505742591,110,2924,True,LogRC,0.0582601755786,0.0820793433653,,
function,runtime_seconds,target_stdev,target_variance,target_num_unique,num_rows,target_is_numerical,algo,test_accuracy,training_accuracy,test_mse,training_mse
run_classifier,0.700768947601,0.182347399924,0.0332505742591,110,2924,True,DTC,0.139664804469,0.823529411765,,
function,runtime_seconds,target_stdev,target_variance,target_num_unique,num_rows,target_is_numerical,algo,test_accuracy,training_accuracy,test_mse,training_mse
run_classifier,9.10334801674,0.182347399924,0.0332505742591,110,2924,True,SVC,0.0375099760575,0.031805745554,,
function,runtime_seconds,target_stdev,target_variance,target_num_unique,num_rows,target_is_numerical,algo,test_accuracy,training_accuracy,test_mse,training_mse
run_classifier,1.99322104454,0.182347399924,0.0332505742591,110,2924,True,RFC,0.144453312051,0.817373461012,,

Running ML for column "Height"
function,runtime_seconds,target_stdev,target_variance,target_num_unique,num_rows,target_is_numerical,algo,test_accuracy,training_accuracy,test_mse,training_mse
run_regressor,1.31143283844,0.155651673793,0.0242274435547,51,2924,True,RFR,,,9.06989447548,3.49075543396
function,runtime_seconds,target_stdev,target_variance,target_num_unique,num_rows,target_is_numerical,algo,test_accuracy,training_accuracy,test_mse,training_mse
run_regressor,1.25866603851,0.155651673793,0.0242274435547,51,2924,True,SVR,,,56.2135279951,51.5416987573
function,runtime_seconds,target_stdev,target_variance,target_num_unique,num_rows,target_is_numerical,algo,test_accuracy,training_accuracy,test_mse,training_mse
run_regressor,0.0477781295776,0.155651673793,0.0242274435547,51,2924,True,LinR,,,8.03530405623,8.89150244126
function,runtime_seconds,target_stdev,target_variance,target_num_unique,num_rows,target_is_numerical,algo,test_accuracy,training_accuracy,test_mse,training_mse
run_classifier,5.75462698936,0.155651673793,0.0242274435547,51,2924,True,LogRC,0.122905027933,0.155950752394,,
function,runtime_seconds,target_stdev,target_variance,target_num_unique,num_rows,target_is_numerical,algo,test_accuracy,training_accuracy,test_mse,training_mse
run_classifier,0.396369934082,0.155651673793,0.0242274435547,51,2924,True,DTC,0.12370311253,0.824213406293,,
function,runtime_seconds,target_stdev,target_variance,target_num_unique,num_rows,target_is_numerical,algo,test_accuracy,training_accuracy,test_mse,training_mse
run_classifier,5.49996209145,0.155651673793,0.0242274435547,51,2924,True,SVC,0.0582601755786,0.0666894664843,,
function,runtime_seconds,target_stdev,target_variance,target_num_unique,num_rows,target_is_numerical,algo,test_accuracy,training_accuracy,test_mse,training_mse
run_classifier,1.03044104576,0.155651673793,0.0242274435547,51,2924,True,RFC,0.130885873903,0.818399452804,,

Running ML for column "Whole_weight"
function,runtime_seconds,target_stdev,target_variance,target_num_unique,num_rows,target_is_numerical,algo,test_accuracy,training_accuracy,test_mse,training_mse
run_regressor,1.13488984108,0.271964871096,0.0739648911102,1971,2924,True,RFR,,,3050.96193314,1100.95328773
function,runtime_seconds,target_stdev,target_variance,target_num_unique,num_rows,target_is_numerical,algo,test_accuracy,training_accuracy,test_mse,training_mse
run_regressor,1.23081088066,0.271964871096,0.0739648911102,1971,2924,True,SVR,,,438190.966033,435003.401795
function,runtime_seconds,target_stdev,target_variance,target_num_unique,num_rows,target_is_numerical,algo,test_accuracy,training_accuracy,test_mse,training_mse
run_regressor,0.0435619354248,0.271964871096,0.0739648911102,1971,2924,True,LinR,,,3966.20303003,3993.2718647
function,runtime_seconds,target_stdev,target_variance,target_num_unique,num_rows,target_is_numerical,algo,test_accuracy,training_accuracy,test_mse,training_mse
run_classifier,193.134826899,0.271964871096,0.0739648911102,1971,2924,True,LogRC,0.00319233838787,0.0383036935705,,
function,runtime_seconds,target_stdev,target_variance,target_num_unique,num_rows,target_is_numerical,algo,test_accuracy,training_accuracy,test_mse,training_mse
run_classifier,10.0879559517,0.271964871096,0.0739648911102,1971,2924,True,DTC,0.0047885075818,0.802325581395,,
function,runtime_seconds,target_stdev,target_variance,target_num_unique,num_rows,target_is_numerical,algo,test_accuracy,training_accuracy,test_mse,training_mse
run_classifier,427.807863951,0.271964871096,0.0739648911102,1971,2924,True,SVC,0.00159616919393,0.00239398084815,,
function,runtime_seconds,target_stdev,target_variance,target_num_unique,num_rows,target_is_numerical,algo,test_accuracy,training_accuracy,test_mse,training_mse
run_classifier,16.1401929855,0.271964871096,0.0739648911102,1971,2924,True,RFC,0.00558659217877,0.801299589603,,

Running ML for column "Shucked_weight"
function,runtime_seconds,target_stdev,target_variance,target_num_unique,num_rows,target_is_numerical,algo,test_accuracy,training_accuracy,test_mse,training_mse
run_regressor,1.07916998863,0.254395478583,0.0647170595235,1359,2924,True,RFR,,,3864.81060566,1330.14914881
function,runtime_seconds,target_stdev,target_variance,target_num_unique,num_rows,target_is_numerical,algo,test_accuracy,training_accuracy,test_mse,training_mse
run_regressor,1.23511695862,0.254395478583,0.0647170595235,1359,2924,True,SVR,,,153080.087448,149315.790926
function,runtime_seconds,target_stdev,target_variance,target_num_unique,num_rows,target_is_numerical,algo,test_accuracy,training_accuracy,test_mse,training_mse
run_regressor,0.040109872818,0.254395478583,0.0647170595235,1359,2924,True,LinR,,,4162.65908152,4371.71550991
function,runtime_seconds,target_stdev,target_variance,target_num_unique,num_rows,target_is_numerical,algo,test_accuracy,training_accuracy,test_mse,training_mse
run_classifier,144.511390924,0.254395478583,0.0647170595235,1359,2924,True,LogRC,0.000798084596967,0.0396716826265,,
function,runtime_seconds,target_stdev,target_variance,target_num_unique,num_rows,target_is_numerical,algo,test_accuracy,training_accuracy,test_mse,training_mse
run_classifier,6.63609004021,0.254395478583,0.0647170595235,1359,2924,True,DTC,0.00798084596967,0.801299589603,,
function,runtime_seconds,target_stdev,target_variance,target_num_unique,num_rows,target_is_numerical,algo,test_accuracy,training_accuracy,test_mse,training_mse
run_classifier,253.059376955,0.254395478583,0.0647170595235,1359,2924,True,SVC,0.0,0.00376196990424,,
function,runtime_seconds,target_stdev,target_variance,target_num_unique,num_rows,target_is_numerical,algo,test_accuracy,training_accuracy,test_mse,training_mse
run_classifier,11.2924439907,0.254395478583,0.0647170595235,1359,2924,True,RFC,0.00638467677574,0.800273597811,,

Running ML for column "Viscera_weight"
function,runtime_seconds,target_stdev,target_variance,target_num_unique,num_rows,target_is_numerical,algo,test_accuracy,training_accuracy,test_mse,training_mse
run_regressor,1.15330910683,0.236854774685,0.056100184291,822,2924,True,RFR,,,2358.98996542,786.614832041
function,runtime_seconds,target_stdev,target_variance,target_num_unique,num_rows,target_is_numerical,algo,test_accuracy,training_accuracy,test_mse,training_mse
run_regressor,1.13294386864,0.236854774685,0.056100184291,822,2924,True,SVR,,,46156.2846727,43239.126808
function,runtime_seconds,target_stdev,target_variance,target_num_unique,num_rows,target_is_numerical,algo,test_accuracy,training_accuracy,test_mse,training_mse
run_regressor,0.0439009666443,0.236854774685,0.056100184291,822,2924,True,LinR,,,2734.67671795,2667.55872091
function,runtime_seconds,target_stdev,target_variance,target_num_unique,num_rows,target_is_numerical,algo,test_accuracy,training_accuracy,test_mse,training_mse
run_classifier,87.8154029846,0.236854774685,0.056100184291,822,2924,True,LogRC,0.0047885075818,0.0348837209302,,
function,runtime_seconds,target_stdev,target_variance,target_num_unique,num_rows,target_is_numerical,algo,test_accuracy,training_accuracy,test_mse,training_mse
run_classifier,4.05858612061,0.236854774685,0.056100184291,822,2924,True,DTC,0.0135674381484,0.801983584131,,
function,runtime_seconds,target_stdev,target_variance,target_num_unique,num_rows,target_is_numerical,algo,test_accuracy,training_accuracy,test_mse,training_mse
run_classifier,102.399437904,0.236854774685,0.056100184291,822,2924,True,SVC,0.000798084596967,0.00512995896033,,
function,runtime_seconds,target_stdev,target_variance,target_num_unique,num_rows,target_is_numerical,algo,test_accuracy,training_accuracy,test_mse,training_mse
run_classifier,7.07569479942,0.236854774685,0.056100184291,822,2924,True,RFC,0.00319233838787,0.800615595075,,

Running ML for column "Shell_weight"
function,runtime_seconds,target_stdev,target_variance,target_num_unique,num_rows,target_is_numerical,algo,test_accuracy,training_accuracy,test_mse,training_mse
run_regressor,1.08598399162,0.248963065981,0.0619826082229,801,2924,True,RFR,,,2332.91632881,615.58125855
function,runtime_seconds,target_stdev,target_variance,target_num_unique,num_rows,target_is_numerical,algo,test_accuracy,training_accuracy,test_mse,training_mse
run_regressor,1.12032008171,0.248963065981,0.0619826082229,801,2924,True,SVR,,,52251.3562847,52754.9359102
function,runtime_seconds,target_stdev,target_variance,target_num_unique,num_rows,target_is_numerical,algo,test_accuracy,training_accuracy,test_mse,training_mse
run_regressor,0.0397670269012,0.248963065981,0.0619826082229,801,2924,True,LinR,,,2354.66480526,1922.58166849
function,runtime_seconds,target_stdev,target_variance,target_num_unique,num_rows,target_is_numerical,algo,test_accuracy,training_accuracy,test_mse,training_mse
run_classifier,83.0408449173,0.248963065981,0.0619826082229,801,2924,True,LogRC,0.023942537909,0.0554035567715,,
function,runtime_seconds,target_stdev,target_variance,target_num_unique,num_rows,target_is_numerical,algo,test_accuracy,training_accuracy,test_mse,training_mse
run_classifier,3.69170689583,0.248963065981,0.0619826082229,801,2924,True,DTC,0.0279329608939,0.809849521204,,
function,runtime_seconds,target_stdev,target_variance,target_num_unique,num_rows,target_is_numerical,algo,test_accuracy,training_accuracy,test_mse,training_mse
run_classifier,88.263988018,0.248963065981,0.0619826082229,801,2924,True,SVC,0.00718276137271,0.0126538987688,,
function,runtime_seconds,target_stdev,target_variance,target_num_unique,num_rows,target_is_numerical,algo,test_accuracy,training_accuracy,test_mse,training_mse
run_classifier,6.53184890747,0.248963065981,0.0619826082229,801,2924,True,RFC,0.0430965682362,0.81121751026,,

Running ML for column "Rings"
function,runtime_seconds,target_stdev,target_variance,target_num_unique,num_rows,target_is_numerical,algo,test_accuracy,training_accuracy,test_mse,training_mse
run_regressor,1.126693964,0.124025232999,0.0153822584205,27,2924,True,RFR,,,4.6653223375,1.81182398541
function,runtime_seconds,target_stdev,target_variance,target_num_unique,num_rows,target_is_numerical,algo,test_accuracy,training_accuracy,test_mse,training_mse
run_regressor,1.28240799904,0.124025232999,0.0153822584205,27,2924,True,SVR,,,8.68269942241,8.29517774862
function,runtime_seconds,target_stdev,target_variance,target_num_unique,num_rows,target_is_numerical,algo,test_accuracy,training_accuracy,test_mse,training_mse
run_regressor,0.0405039787292,0.124025232999,0.0153822584205,27,2924,True,LinR,,,4.24112472456,4.94197501756
function,runtime_seconds,target_stdev,target_variance,target_num_unique,num_rows,target_is_numerical,algo,test_accuracy,training_accuracy,test_mse,training_mse
run_classifier,2.72061514854,0.124025232999,0.0153822584205,27,2924,True,LogRC,0.24740622506,0.274965800274,,
function,runtime_seconds,target_stdev,target_variance,target_num_unique,num_rows,target_is_numerical,algo,test_accuracy,training_accuracy,test_mse,training_mse
run_classifier,0.271682024002,0.124025232999,0.0153822584205,27,2924,True,DTC,0.204309656824,0.84097127223,,
function,runtime_seconds,target_stdev,target_variance,target_num_unique,num_rows,target_is_numerical,algo,test_accuracy,training_accuracy,test_mse,training_mse
run_classifier,4.52842903137,0.124025232999,0.0153822584205,27,2924,True,SVC,0.164405426975,0.165526675787,,
function,runtime_seconds,target_stdev,target_variance,target_num_unique,num_rows,target_is_numerical,algo,test_accuracy,training_accuracy,test_mse,training_mse
run_classifier,0.67990899086,0.124025232999,0.0153822584205,27,2924,True,RFC,0.241021548284,0.831395348837,,
Running ML algos for input dataset "datasets/classification/abalone.csv"
1 loops, best of 1: 1.54e+03 sec per loop
function,runtime_seconds,target_stdev,target_variance,target_num_unique,num_rows,target_is_numerical,algo,test_accuracy,training_accuracy,test_mse,training_mse
run_classifier,0.269910812378,,,3,2924,False,LogRC,0.548284118117,0.561559507524,,
run_classifier,0.153949022293,,,3,2924,False,DTC,0.490023942538,0.898426812585,,
run_classifier,1.93726301193,,,3,2924,False,SVC,0.314445331205,0.860123119015,,
run_classifier,0.516159057617,,,3,2924,False,RFC,0.521947326417,0.896374829001,,
run_regressor,1.10869908333,0.182108490585,0.0331635023431,134,2924,True,RFR,,,12.9998049127,4.37094239246
run_regressor,1.09039998055,0.182108490585,0.0331635023431,134,2924,True,SVR,,,543.429953749,567.425026125
run_regressor,0.0505731105804,0.182108490585,0.0331635023431,134,2924,True,LinR,,,13.6040533823,14.0792285436
run_classifier,13.5150358677,0.182108490585,0.0331635023431,134,2924,True,LogRC,0.0399042298484,0.0820793433653,,
run_classifier,0.838989973068,0.182108490585,0.0331635023431,134,2924,True,DTC,0.096568236233,0.81805745554,,
run_classifier,10.2344379425,0.182108490585,0.0331635023431,134,2924,True,SVC,0.0159616919393,0.0249658002736,,
run_classifier,1.69784593582,0.182108490585,0.0331635023431,134,2924,True,RFC,0.100558659218,0.816005471956,,
run_regressor,1.12472820282,0.182347399924,0.0332505742591,110,2924,True,RFR,,,10.0968378115,2.86496884025
run_regressor,1.11407208443,0.182347399924,0.0332505742591,110,2924,True,SVR,,,370.033232459,388.232160866
run_regressor,0.0491080284119,0.182347399924,0.0332505742591,110,2924,True,LinR,,,9.44744439088,8.87938353688
run_classifier,11.1610701084,0.182347399924,0.0332505742591,110,2924,True,LogRC,0.0582601755786,0.0820793433653,,
run_classifier,0.700768947601,0.182347399924,0.0332505742591,110,2924,True,DTC,0.139664804469,0.823529411765,,
run_classifier,9.10334801674,0.182347399924,0.0332505742591,110,2924,True,SVC,0.0375099760575,0.031805745554,,
run_classifier,1.99322104454,0.182347399924,0.0332505742591,110,2924,True,RFC,0.144453312051,0.817373461012,,
run_regressor,1.31143283844,0.155651673793,0.0242274435547,51,2924,True,RFR,,,9.06989447548,3.49075543396
run_regressor,1.25866603851,0.155651673793,0.0242274435547,51,2924,True,SVR,,,56.2135279951,51.5416987573
run_regressor,0.0477781295776,0.155651673793,0.0242274435547,51,2924,True,LinR,,,8.03530405623,8.89150244126
run_classifier,5.75462698936,0.155651673793,0.0242274435547,51,2924,True,LogRC,0.122905027933,0.155950752394,,
run_classifier,0.396369934082,0.155651673793,0.0242274435547,51,2924,True,DTC,0.12370311253,0.824213406293,,
run_classifier,5.49996209145,0.155651673793,0.0242274435547,51,2924,True,SVC,0.0582601755786,0.0666894664843,,
run_classifier,1.03044104576,0.155651673793,0.0242274435547,51,2924,True,RFC,0.130885873903,0.818399452804,,
run_regressor,1.13488984108,0.271964871096,0.0739648911102,1971,2924,True,RFR,,,3050.96193314,1100.95328773
run_regressor,1.23081088066,0.271964871096,0.0739648911102,1971,2924,True,SVR,,,438190.966033,435003.401795
run_regressor,0.0435619354248,0.271964871096,0.0739648911102,1971,2924,True,LinR,,,3966.20303003,3993.2718647
run_classifier,193.134826899,0.271964871096,0.0739648911102,1971,2924,True,LogRC,0.00319233838787,0.0383036935705,,
run_classifier,10.0879559517,0.271964871096,0.0739648911102,1971,2924,True,DTC,0.0047885075818,0.802325581395,,
run_classifier,427.807863951,0.271964871096,0.0739648911102,1971,2924,True,SVC,0.00159616919393,0.00239398084815,,
run_classifier,16.1401929855,0.271964871096,0.0739648911102,1971,2924,True,RFC,0.00558659217877,0.801299589603,,
run_regressor,1.07916998863,0.254395478583,0.0647170595235,1359,2924,True,RFR,,,3864.81060566,1330.14914881
run_regressor,1.23511695862,0.254395478583,0.0647170595235,1359,2924,True,SVR,,,153080.087448,149315.790926
run_regressor,0.040109872818,0.254395478583,0.0647170595235,1359,2924,True,LinR,,,4162.65908152,4371.71550991
run_classifier,144.511390924,0.254395478583,0.0647170595235,1359,2924,True,LogRC,0.000798084596967,0.0396716826265,,
run_classifier,6.63609004021,0.254395478583,0.0647170595235,1359,2924,True,DTC,0.00798084596967,0.801299589603,,
run_classifier,253.059376955,0.254395478583,0.0647170595235,1359,2924,True,SVC,0.0,0.00376196990424,,
run_classifier,11.2924439907,0.254395478583,0.0647170595235,1359,2924,True,RFC,0.00638467677574,0.800273597811,,
run_regressor,1.15330910683,0.236854774685,0.056100184291,822,2924,True,RFR,,,2358.98996542,786.614832041
run_regressor,1.13294386864,0.236854774685,0.056100184291,822,2924,True,SVR,,,46156.2846727,43239.126808
run_regressor,0.0439009666443,0.236854774685,0.056100184291,822,2924,True,LinR,,,2734.67671795,2667.55872091
run_classifier,87.8154029846,0.236854774685,0.056100184291,822,2924,True,LogRC,0.0047885075818,0.0348837209302,,
run_classifier,4.05858612061,0.236854774685,0.056100184291,822,2924,True,DTC,0.0135674381484,0.801983584131,,
run_classifier,102.399437904,0.236854774685,0.056100184291,822,2924,True,SVC,0.000798084596967,0.00512995896033,,
run_classifier,7.07569479942,0.236854774685,0.056100184291,822,2924,True,RFC,0.00319233838787,0.800615595075,,
run_regressor,1.08598399162,0.248963065981,0.0619826082229,801,2924,True,RFR,,,2332.91632881,615.58125855
run_regressor,1.12032008171,0.248963065981,0.0619826082229,801,2924,True,SVR,,,52251.3562847,52754.9359102
run_regressor,0.0397670269012,0.248963065981,0.0619826082229,801,2924,True,LinR,,,2354.66480526,1922.58166849
run_classifier,83.0408449173,0.248963065981,0.0619826082229,801,2924,True,LogRC,0.023942537909,0.0554035567715,,
run_classifier,3.69170689583,0.248963065981,0.0619826082229,801,2924,True,DTC,0.0279329608939,0.809849521204,,
run_classifier,88.263988018,0.248963065981,0.0619826082229,801,2924,True,SVC,0.00718276137271,0.0126538987688,,
run_classifier,6.53184890747,0.248963065981,0.0619826082229,801,2924,True,RFC,0.0430965682362,0.81121751026,,
run_regressor,1.126693964,0.124025232999,0.0153822584205,27,2924,True,RFR,,,4.6653223375,1.81182398541
run_regressor,1.28240799904,0.124025232999,0.0153822584205,27,2924,True,SVR,,,8.68269942241,8.29517774862
run_regressor,0.0405039787292,0.124025232999,0.0153822584205,27,2924,True,LinR,,,4.24112472456,4.94197501756
run_classifier,2.72061514854,0.124025232999,0.0153822584205,27,2924,True,LogRC,0.24740622506,0.274965800274,,
run_classifier,0.271682024002,0.124025232999,0.0153822584205,27,2924,True,DTC,0.204309656824,0.84097127223,,
run_classifier,4.52842903137,0.124025232999,0.0153822584205,27,2924,True,SVC,0.164405426975,0.165526675787,,
run_classifier,0.67990899086,0.124025232999,0.0153822584205,27,2924,True,RFC,0.241021548284,0.831395348837,,
num_rows_f=1728.000000, training=1210, test=518

Running ML for column "buying"
function,runtime_seconds,target_stdev,target_variance,target_num_unique,num_rows,target_is_numerical,algo,test_accuracy,training_accuracy,test_mse,training_mse
run_classifier,0.0658819675446,,,3,1210,False,LogRC,0.003861003861,0.406611570248,,
function,runtime_seconds,target_stdev,target_variance,target_num_unique,num_rows,target_is_numerical,algo,test_accuracy,training_accuracy,test_mse,training_mse
run_classifier,0.0627748966217,,,3,1210,False,DTC,0.0637065637066,0.438016528926,,
//anaconda/envs/python2/lib/python2.7/site-packages/sklearn/svm/base.py:552: ChangedBehaviorWarning: The decision_function_shape default value will change from 'ovo' to 'ovr' in 0.19. This will change the shape of the decision function returned by SVC.
  "SVC.", ChangedBehaviorWarning)
function,runtime_seconds,target_stdev,target_variance,target_num_unique,num_rows,target_is_numerical,algo,test_accuracy,training_accuracy,test_mse,training_mse
run_classifier,0.391754150391,,,3,1210,False,SVC,0.0366795366795,0.435537190083,,
function,runtime_seconds,target_stdev,target_variance,target_num_unique,num_rows,target_is_numerical,algo,test_accuracy,training_accuracy,test_mse,training_mse
run_classifier,0.40193605423,,,3,1210,False,RFC,0.0250965250965,0.438842975207,,

Running ML for column "maint"
function,runtime_seconds,target_stdev,target_variance,target_num_unique,num_rows,target_is_numerical,algo,test_accuracy,training_accuracy,test_mse,training_mse
run_classifier,0.0743639469147,,,4,1210,False,LogRC,0.19305019305,0.32479338843,,
function,runtime_seconds,target_stdev,target_variance,target_num_unique,num_rows,target_is_numerical,algo,test_accuracy,training_accuracy,test_mse,training_mse
run_classifier,0.0634491443634,,,4,1210,False,DTC,0.249034749035,0.348760330579,,
function,runtime_seconds,target_stdev,target_variance,target_num_unique,num_rows,target_is_numerical,algo,test_accuracy,training_accuracy,test_mse,training_mse
run_classifier,0.406365871429,,,4,1210,False,SVC,0.208494208494,0.318181818182,,
function,runtime_seconds,target_stdev,target_variance,target_num_unique,num_rows,target_is_numerical,algo,test_accuracy,training_accuracy,test_mse,training_mse
run_classifier,0.379157066345,,,4,1210,False,RFC,0.235521235521,0.348760330579,,

Running ML for column "doors"
function,runtime_seconds,target_stdev,target_variance,target_num_unique,num_rows,target_is_numerical,algo,test_accuracy,training_accuracy,test_mse,training_mse
run_classifier,0.0791659355164,,,4,1210,False,LogRC,0.237451737452,0.277685950413,,
function,runtime_seconds,target_stdev,target_variance,target_num_unique,num_rows,target_is_numerical,algo,test_accuracy,training_accuracy,test_mse,training_mse
run_classifier,0.057727098465,,,4,1210,False,DTC,0.23166023166,0.284297520661,,
function,runtime_seconds,target_stdev,target_variance,target_num_unique,num_rows,target_is_numerical,algo,test_accuracy,training_accuracy,test_mse,training_mse
run_classifier,0.395493984222,,,4,1210,False,SVC,0.241312741313,0.278512396694,,
function,runtime_seconds,target_stdev,target_variance,target_num_unique,num_rows,target_is_numerical,algo,test_accuracy,training_accuracy,test_mse,training_mse
run_classifier,0.353785991669,,,4,1210,False,RFC,0.235521235521,0.282644628099,,

Running ML for column "persons"
function,runtime_seconds,target_stdev,target_variance,target_num_unique,num_rows,target_is_numerical,algo,test_accuracy,training_accuracy,test_mse,training_mse
run_classifier,0.0691049098969,,,3,1210,False,LogRC,0.494208494208,0.457851239669,,
function,runtime_seconds,target_stdev,target_variance,target_num_unique,num_rows,target_is_numerical,algo,test_accuracy,training_accuracy,test_mse,training_mse
run_classifier,0.0563409328461,,,3,1210,False,DTC,0.501930501931,0.468595041322,,
function,runtime_seconds,target_stdev,target_variance,target_num_unique,num_rows,target_is_numerical,algo,test_accuracy,training_accuracy,test_mse,training_mse
run_classifier,0.347101211548,,,3,1210,False,SVC,0.476833976834,0.457851239669,,
function,runtime_seconds,target_stdev,target_variance,target_num_unique,num_rows,target_is_numerical,algo,test_accuracy,training_accuracy,test_mse,training_mse
run_classifier,0.344889879227,,,3,1210,False,RFC,0.472972972973,0.467768595041,,

Running ML for column "lug_boot"
function,runtime_seconds,target_stdev,target_variance,target_num_unique,num_rows,target_is_numerical,algo,test_accuracy,training_accuracy,test_mse,training_mse
run_classifier,0.0666189193726,,,3,1210,False,LogRC,0.30694980695,0.378512396694,,
function,runtime_seconds,target_stdev,target_variance,target_num_unique,num_rows,target_is_numerical,algo,test_accuracy,training_accuracy,test_mse,training_mse
run_classifier,0.0571370124817,,,3,1210,False,DTC,0.38416988417,0.396694214876,,
function,runtime_seconds,target_stdev,target_variance,target_num_unique,num_rows,target_is_numerical,algo,test_accuracy,training_accuracy,test_mse,training_mse
run_classifier,0.362791061401,,,3,1210,False,SVC,0.359073359073,0.392561983471,,
function,runtime_seconds,target_stdev,target_variance,target_num_unique,num_rows,target_is_numerical,algo,test_accuracy,training_accuracy,test_mse,training_mse
run_classifier,0.360179901123,,,3,1210,False,RFC,0.378378378378,0.394214876033,,

Running ML for column "safety"
function,runtime_seconds,target_stdev,target_variance,target_num_unique,num_rows,target_is_numerical,algo,test_accuracy,training_accuracy,test_mse,training_mse
run_classifier,0.0695040225983,,,3,1210,False,LogRC,0.453667953668,0.476859504132,,
function,runtime_seconds,target_stdev,target_variance,target_num_unique,num_rows,target_is_numerical,algo,test_accuracy,training_accuracy,test_mse,training_mse
run_classifier,0.0582790374756,,,3,1210,False,DTC,0.567567567568,0.500826446281,,
function,runtime_seconds,target_stdev,target_variance,target_num_unique,num_rows,target_is_numerical,algo,test_accuracy,training_accuracy,test_mse,training_mse
run_classifier,0.312605142593,,,3,1210,False,SVC,0.457528957529,0.471900826446,,
function,runtime_seconds,target_stdev,target_variance,target_num_unique,num_rows,target_is_numerical,algo,test_accuracy,training_accuracy,test_mse,training_mse
run_classifier,0.346451044083,,,3,1210,False,RFC,0.557915057915,0.500826446281,,

Running ML for column "class_value"
function,runtime_seconds,target_stdev,target_variance,target_num_unique,num_rows,target_is_numerical,algo,test_accuracy,training_accuracy,test_mse,training_mse
run_classifier,0.0771119594574,,,4,1210,False,LogRC,0.567567567568,0.755371900826,,
function,runtime_seconds,target_stdev,target_variance,target_num_unique,num_rows,target_is_numerical,algo,test_accuracy,training_accuracy,test_mse,training_mse
run_classifier,0.0697860717773,,,4,1210,False,DTC,0.687258687259,0.992561983471,,
function,runtime_seconds,target_stdev,target_variance,target_num_unique,num_rows,target_is_numerical,algo,test_accuracy,training_accuracy,test_mse,training_mse
run_classifier,0.21345615387,,,4,1210,False,SVC,0.509652509653,0.735537190083,,
function,runtime_seconds,target_stdev,target_variance,target_num_unique,num_rows,target_is_numerical,algo,test_accuracy,training_accuracy,test_mse,training_mse
run_classifier,0.349814176559,,,4,1210,False,RFC,0.635135135135,0.990082644628,,
Running ML algos for input dataset "datasets/classification/car_evaluation.csv"
1 loops, best of 1: 7.3 sec per loop
