WARNING: dropped 2399 NaN rows.
num_rows_f=30162.000000, training=21114, test=9048

Running ML for column "age"
/home/ubuntu/x2/local/lib/python2.7/site-packages/sklearn/utils/validation.py:429: DataConversionWarning: Data with input dtype int64 was converted to float64 by MinMaxScaler.
  warnings.warn(msg, _DataConversionWarning)
function,runtime_seconds,target_stdev,target_variance,algo,target_is_continuous,target_num_unique,num_rows,target_is_numerical,column_name,test_accuracy,training_accuracy,test_mse,training_mse
run_classifier,78.4988861084,0.180379593208,0.0325367976457,LogRC,False,71,21114,True,age,0.0411140583554,0.0443307757886,,
function,runtime_seconds,target_stdev,target_variance,algo,target_is_continuous,target_num_unique,num_rows,target_is_numerical,column_name,test_accuracy,training_accuracy,test_mse,training_mse
run_classifier,3.81907486916,0.180379593208,0.0325367976457,DTC,False,71,21114,True,age,0.0500663129973,0.81012598276,,
function,runtime_seconds,target_stdev,target_variance,algo,target_is_continuous,target_num_unique,num_rows,target_is_numerical,column_name,test_accuracy,training_accuracy,test_mse,training_mse
run_classifier,5.78610277176,0.180379593208,0.0325367976457,RFC,False,71,21114,True,age,0.0506189213086,0.792175807521,,
function,runtime_seconds,target_stdev,target_variance,algo,target_is_continuous,target_num_unique,num_rows,target_is_numerical,column_name,test_accuracy,training_accuracy,test_mse,training_mse
run_regressor,2.97699189186,0.180379593208,0.0325367976457,RFR,False,71,21114,True,age,,,107.72617676,36.7289494836
function,runtime_seconds,target_stdev,target_variance,algo,target_is_continuous,target_num_unique,num_rows,target_is_numerical,column_name,test_accuracy,training_accuracy,test_mse,training_mse
run_regressor,0.115319013596,0.180379593208,0.0325367976457,LinR,False,71,21114,True,age,,,145.884062781,150.187726349

Running ML for column "workclass"
function,runtime_seconds,target_stdev,target_variance,algo,target_is_continuous,target_num_unique,num_rows,target_is_numerical,column_name,test_accuracy,training_accuracy,test_mse,training_mse
run_classifier,4.90532803535,,,LogRC,False,7,21114,False,workclass,0.744805481874,0.736336080326,,
function,runtime_seconds,target_stdev,target_variance,algo,target_is_continuous,target_num_unique,num_rows,target_is_numerical,column_name,test_accuracy,training_accuracy,test_mse,training_mse
run_classifier,0.892068862915,,,DTC,False,7,21114,False,workclass,0.609858532272,0.924126172208,,
function,runtime_seconds,target_stdev,target_variance,algo,target_is_continuous,target_num_unique,num_rows,target_is_numerical,column_name,test_accuracy,training_accuracy,test_mse,training_mse
run_classifier,2.13462996483,,,RFC,False,7,21114,False,workclass,0.712201591512,0.93113573932,,
function,runtime_seconds,target_stdev,target_variance,algo,target_is_continuous,target_num_unique,num_rows,target_is_numerical,column_name,test_accuracy,training_accuracy,test_mse,training_mse
run_regressor,3.050770998,,,RFR,False,7,21114,False,workclass,,,0.947416371942,0.316859165822
function,runtime_seconds,target_stdev,target_variance,algo,target_is_continuous,target_num_unique,num_rows,target_is_numerical,column_name,test_accuracy,training_accuracy,test_mse,training_mse
run_regressor,0.136182069778,,,LinR,False,7,21114,False,workclass,,,0.886304265923,0.900630815286

Running ML for column "education"
function,runtime_seconds,target_stdev,target_variance,algo,target_is_continuous,target_num_unique,num_rows,target_is_numerical,column_name,test_accuracy,training_accuracy,test_mse,training_mse
run_classifier,16.8793740273,,,LogRC,False,16,21114,False,education,0.324160035367,0.335180448991,,
function,runtime_seconds,target_stdev,target_variance,algo,target_is_continuous,target_num_unique,num_rows,target_is_numerical,column_name,test_accuracy,training_accuracy,test_mse,training_mse
run_classifier,1.29160690308,,,DTC,False,16,21114,False,education,1.0,1.0,,
function,runtime_seconds,target_stdev,target_variance,algo,target_is_continuous,target_num_unique,num_rows,target_is_numerical,column_name,test_accuracy,training_accuracy,test_mse,training_mse
run_classifier,3.0485329628,,,RFC,False,16,21114,False,education,0.963859416446,0.993227242588,,
function,runtime_seconds,target_stdev,target_variance,algo,target_is_continuous,target_num_unique,num_rows,target_is_numerical,column_name,test_accuracy,training_accuracy,test_mse,training_mse
run_regressor,1.86390781403,,,RFR,False,16,21114,False,education,,,0.0,0.0
function,runtime_seconds,target_stdev,target_variance,algo,target_is_continuous,target_num_unique,num_rows,target_is_numerical,column_name,test_accuracy,training_accuracy,test_mse,training_mse
run_regressor,0.119885921478,,,LinR,False,16,21114,False,education,,,12.8336033438,12.6060613866

Running ML for column "education-num"
function,runtime_seconds,target_stdev,target_variance,algo,target_is_continuous,target_num_unique,num_rows,target_is_numerical,column_name,test_accuracy,training_accuracy,test_mse,training_mse
run_classifier,17.613984108,0.168739911729,0.0284731578104,LogRC,False,16,21114,True,education-num,0.524314765694,0.537652742256,,
function,runtime_seconds,target_stdev,target_variance,algo,target_is_continuous,target_num_unique,num_rows,target_is_numerical,column_name,test_accuracy,training_accuracy,test_mse,training_mse
run_classifier,1.34554505348,0.168739911729,0.0284731578104,DTC,False,16,21114,True,education-num,1.0,1.0,,
function,runtime_seconds,target_stdev,target_variance,algo,target_is_continuous,target_num_unique,num_rows,target_is_numerical,column_name,test_accuracy,training_accuracy,test_mse,training_mse
run_classifier,3.28696012497,0.168739911729,0.0284731578104,RFC,False,16,21114,True,education-num,0.936892130858,0.987496447855,,
function,runtime_seconds,target_stdev,target_variance,algo,target_is_continuous,target_num_unique,num_rows,target_is_numerical,column_name,test_accuracy,training_accuracy,test_mse,training_mse
run_regressor,1.93748211861,0.168739911729,0.0284731578104,RFR,False,16,21114,True,education-num,,,0.00896551724138,0.00092513656026
function,runtime_seconds,target_stdev,target_variance,algo,target_is_continuous,target_num_unique,num_rows,target_is_numerical,column_name,test_accuracy,training_accuracy,test_mse,training_mse
run_regressor,0.103379964828,0.168739911729,0.0284731578104,LinR,False,16,21114,True,education-num,,,5.51205358435,5.32659305567

Running ML for column "marital-status"
function,runtime_seconds,target_stdev,target_variance,algo,target_is_continuous,target_num_unique,num_rows,target_is_numerical,column_name,test_accuracy,training_accuracy,test_mse,training_mse
run_classifier,6.1103579998,,,LogRC,False,7,21114,False,marital-status,0.640694076039,0.631050487828,,
function,runtime_seconds,target_stdev,target_variance,algo,target_is_continuous,target_num_unique,num_rows,target_is_numerical,column_name,test_accuracy,training_accuracy,test_mse,training_mse
run_classifier,0.880888938904,,,DTC,False,7,21114,False,marital-status,0.782382847038,0.955053518992,,
function,runtime_seconds,target_stdev,target_variance,algo,target_is_continuous,target_num_unique,num_rows,target_is_numerical,column_name,test_accuracy,training_accuracy,test_mse,training_mse
run_classifier,2.35401701927,,,RFC,False,7,21114,False,marital-status,0.82183908046,0.960736951786,,
function,runtime_seconds,target_stdev,target_variance,algo,target_is_continuous,target_num_unique,num_rows,target_is_numerical,column_name,test_accuracy,training_accuracy,test_mse,training_mse
run_regressor,2.4922940731,,,RFR,False,7,21114,False,marital-status,,,1.75539149229,0.60785113616
function,runtime_seconds,target_stdev,target_variance,algo,target_is_continuous,target_num_unique,num_rows,target_is_numerical,column_name,test_accuracy,training_accuracy,test_mse,training_mse
run_regressor,0.125710010529,,,LinR,False,7,21114,False,marital-status,,,1.96550008166,1.99988078727

Running ML for column "occupation"
function,runtime_seconds,target_stdev,target_variance,algo,target_is_continuous,target_num_unique,num_rows,target_is_numerical,column_name,test_accuracy,training_accuracy,test_mse,training_mse
run_classifier,11.8339860439,,,LogRC,False,14,21114,False,occupation,0.173297966401,0.173107890499,,
function,runtime_seconds,target_stdev,target_variance,algo,target_is_continuous,target_num_unique,num_rows,target_is_numerical,column_name,test_accuracy,training_accuracy,test_mse,training_mse
run_classifier,1.2411210537,,,DTC,False,14,21114,False,occupation,0.236516357206,0.848394430236,,
function,runtime_seconds,target_stdev,target_variance,algo,target_is_continuous,target_num_unique,num_rows,target_is_numerical,column_name,test_accuracy,training_accuracy,test_mse,training_mse
run_classifier,2.63422894478,,,RFC,False,14,21114,False,occupation,0.280172413793,0.838164251208,,
function,runtime_seconds,target_stdev,target_variance,algo,target_is_continuous,target_num_unique,num_rows,target_is_numerical,column_name,test_accuracy,training_accuracy,test_mse,training_mse
run_regressor,2.91716504097,,,RFR,False,14,21114,False,occupation,,,17.2572670744,5.8423441853
function,runtime_seconds,target_stdev,target_variance,algo,target_is_continuous,target_num_unique,num_rows,target_is_numerical,column_name,test_accuracy,training_accuracy,test_mse,training_mse
run_regressor,0.136582136154,,,LinR,False,14,21114,False,occupation,,,15.803953324,16.0040226512

Running ML for column "relationship"
function,runtime_seconds,target_stdev,target_variance,algo,target_is_continuous,target_num_unique,num_rows,target_is_numerical,column_name,test_accuracy,training_accuracy,test_mse,training_mse
run_classifier,4.27535915375,,,LogRC,False,6,21114,False,relationship,0.51724137931,0.511461589467,,
function,runtime_seconds,target_stdev,target_variance,algo,target_is_continuous,target_num_unique,num_rows,target_is_numerical,column_name,test_accuracy,training_accuracy,test_mse,training_mse
run_classifier,0.862682104111,,,DTC,False,6,21114,False,relationship,0.721706454465,0.942265795207,,
function,runtime_seconds,target_stdev,target_variance,algo,target_is_continuous,target_num_unique,num_rows,target_is_numerical,column_name,test_accuracy,training_accuracy,test_mse,training_mse
run_classifier,2.32921695709,,,RFC,False,6,21114,False,relationship,0.765362511052,0.944728616084,,
function,runtime_seconds,target_stdev,target_variance,algo,target_is_continuous,target_num_unique,num_rows,target_is_numerical,column_name,test_accuracy,training_accuracy,test_mse,training_mse
run_regressor,2.54614186287,,,RFR,False,6,21114,False,relationship,,,0.807279420594,0.266222142701
function,runtime_seconds,target_stdev,target_variance,algo,target_is_continuous,target_num_unique,num_rows,target_is_numerical,column_name,test_accuracy,training_accuracy,test_mse,training_mse
run_regressor,0.147744894028,,,LinR,False,6,21114,False,relationship,,,1.52468666304,1.53502654443

Running ML for column "race"
function,runtime_seconds,target_stdev,target_variance,algo,target_is_continuous,target_num_unique,num_rows,target_is_numerical,column_name,test_accuracy,training_accuracy,test_mse,training_mse
run_classifier,3.57126688957,,,LogRC,False,5,21114,False,race,0.858421750663,0.860234915222,,
function,runtime_seconds,target_stdev,target_variance,algo,target_is_continuous,target_num_unique,num_rows,target_is_numerical,column_name,test_accuracy,training_accuracy,test_mse,training_mse
run_classifier,0.844787836075,,,DTC,False,5,21114,False,race,0.801503094607,0.959789712987,,
function,runtime_seconds,target_stdev,target_variance,algo,target_is_continuous,target_num_unique,num_rows,target_is_numerical,column_name,test_accuracy,training_accuracy,test_mse,training_mse
run_classifier,2.22387599945,,,RFC,False,5,21114,False,race,0.853448275862,0.96509425026,,
function,runtime_seconds,target_stdev,target_variance,algo,target_is_continuous,target_num_unique,num_rows,target_is_numerical,column_name,test_accuracy,training_accuracy,test_mse,training_mse
run_regressor,2.81126403809,,,RFR,False,5,21114,False,race,,,0.59365556538,0.181841642723
function,runtime_seconds,target_stdev,target_variance,algo,target_is_continuous,target_num_unique,num_rows,target_is_numerical,column_name,test_accuracy,training_accuracy,test_mse,training_mse
run_regressor,0.11807179451,,,LinR,False,5,21114,False,race,,,0.680940164811,0.670178012405

Running ML for column "sex"
function,runtime_seconds,target_stdev,target_variance,algo,target_is_continuous,target_num_unique,num_rows,target_is_numerical,column_name,test_accuracy,training_accuracy,test_mse,training_mse
run_classifier,0.996761083603,,,LogRC,False,2,21114,False,sex,0.72933244916,0.730084304253,,
function,runtime_seconds,target_stdev,target_variance,algo,target_is_continuous,target_num_unique,num_rows,target_is_numerical,column_name,test_accuracy,training_accuracy,test_mse,training_mse
run_classifier,0.465506076813,,,DTC,False,2,21114,False,sex,0.81542882405,0.959979160746,,
function,runtime_seconds,target_stdev,target_variance,algo,target_is_continuous,target_num_unique,num_rows,target_is_numerical,column_name,test_accuracy,training_accuracy,test_mse,training_mse
run_classifier,2.10281014442,,,RFC,False,2,21114,False,sex,0.832891246684,0.958179407029,,
function,runtime_seconds,target_stdev,target_variance,algo,target_is_continuous,target_num_unique,num_rows,target_is_numerical,column_name,test_accuracy,training_accuracy,test_mse,training_mse
run_regressor,2.46203994751,,,RFR,False,2,21114,False,sex,,,0.109138422242,0.0354732510288
function,runtime_seconds,target_stdev,target_variance,algo,target_is_continuous,target_num_unique,num_rows,target_is_numerical,column_name,test_accuracy,training_accuracy,test_mse,training_mse
run_regressor,0.130382061005,,,LinR,False,2,21114,False,sex,,,0.139157452834,0.140096618012

Running ML for column "capital-gain"
function,runtime_seconds,target_stdev,target_variance,algo,target_is_continuous,target_num_unique,num_rows,target_is_numerical,column_name,test_accuracy,training_accuracy,test_mse,training_mse
run_classifier,81.5006520748,0.0731735108547,0.00535436269081,LogRC,False,113,21114,True,capital-gain,0.912024756852,0.917495500616,,
function,runtime_seconds,target_stdev,target_variance,algo,target_is_continuous,target_num_unique,num_rows,target_is_numerical,column_name,test_accuracy,training_accuracy,test_mse,training_mse
run_classifier,5.13789391518,0.0731735108547,0.00535436269081,DTC,False,113,21114,True,capital-gain,0.827917771883,0.966751918159,,
function,runtime_seconds,target_stdev,target_variance,algo,target_is_continuous,target_num_unique,num_rows,target_is_numerical,column_name,test_accuracy,training_accuracy,test_mse,training_mse
run_classifier,7.25486779213,0.0731735108547,0.00535436269081,RFC,False,113,21114,True,capital-gain,0.900641025641,0.978687127025,,
function,runtime_seconds,target_stdev,target_variance,algo,target_is_continuous,target_num_unique,num_rows,target_is_numerical,column_name,test_accuracy,training_accuracy,test_mse,training_mse
run_regressor,2.47026896477,0.0731735108547,0.00535436269081,RFR,False,113,21114,True,capital-gain,,,69931187.6819,19291773.6864
function,runtime_seconds,target_stdev,target_variance,algo,target_is_continuous,target_num_unique,num_rows,target_is_numerical,column_name,test_accuracy,training_accuracy,test_mse,training_mse
run_regressor,0.139425992966,0.0731735108547,0.00535436269081,LinR,False,113,21114,True,capital-gain,,,56053494.2739,52140518.8657

Running ML for column "capital-loss"
function,runtime_seconds,target_stdev,target_variance,algo,target_is_continuous,target_num_unique,num_rows,target_is_numerical,column_name,test_accuracy,training_accuracy,test_mse,training_mse
run_classifier,61.6520781517,0.0925404907228,0.00856374242322,LogRC,False,86,21114,True,capital-loss,0.952807250221,0.952638060055,,
function,runtime_seconds,target_stdev,target_variance,algo,target_is_continuous,target_num_unique,num_rows,target_is_numerical,column_name,test_accuracy,training_accuracy,test_mse,training_mse
run_classifier,3.90190505981,0.0925404907228,0.00856374242322,DTC,False,86,21114,True,capital-loss,0.893125552608,0.977550440466,,
function,runtime_seconds,target_stdev,target_variance,algo,target_is_continuous,target_num_unique,num_rows,target_is_numerical,column_name,test_accuracy,training_accuracy,test_mse,training_mse
run_classifier,5.46329903603,0.0925404907228,0.00856374242322,RFC,False,86,21114,True,capital-loss,0.946728558798,0.987117552335,,
function,runtime_seconds,target_stdev,target_variance,algo,target_is_continuous,target_num_unique,num_rows,target_is_numerical,column_name,test_accuracy,training_accuracy,test_mse,training_mse
run_regressor,2.45115494728,0.0925404907228,0.00856374242322,RFR,False,86,21114,True,capital-loss,,,185497.226008,61519.5316534
function,runtime_seconds,target_stdev,target_variance,algo,target_is_continuous,target_num_unique,num_rows,target_is_numerical,column_name,test_accuracy,training_accuracy,test_mse,training_mse
run_regressor,0.154837846756,0.0925404907228,0.00856374242322,LinR,False,86,21114,True,capital-loss,,,162884.564602,160165.010845

Running ML for column "hours-per-week"
function,runtime_seconds,target_stdev,target_variance,algo,target_is_continuous,target_num_unique,num_rows,target_is_numerical,column_name,test_accuracy,training_accuracy,test_mse,training_mse
run_classifier,92.1069960594,0.121582992914,0.014782424166,LogRC,False,92,21114,True,hours-per-week,0.469053934571,0.47395093303,,
function,runtime_seconds,target_stdev,target_variance,algo,target_is_continuous,target_num_unique,num_rows,target_is_numerical,column_name,test_accuracy,training_accuracy,test_mse,training_mse
run_classifier,4.62997198105,0.121582992914,0.014782424166,DTC,False,92,21114,True,hours-per-week,0.282051282051,0.855025101828,,
function,runtime_seconds,target_stdev,target_variance,algo,target_is_continuous,target_num_unique,num_rows,target_is_numerical,column_name,test_accuracy,training_accuracy,test_mse,training_mse
run_classifier,6.27555418015,0.121582992914,0.014782424166,RFC,False,92,21114,True,hours-per-week,0.393788682582,0.858719333144,,
function,runtime_seconds,target_stdev,target_variance,algo,target_is_continuous,target_num_unique,num_rows,target_is_numerical,column_name,test_accuracy,training_accuracy,test_mse,training_mse
run_regressor,3.01562595367,0.121582992914,0.014782424166,RFR,False,92,21114,True,hours-per-week,,,126.786272386,39.9071143004
function,runtime_seconds,target_stdev,target_variance,algo,target_is_continuous,target_num_unique,num_rows,target_is_numerical,column_name,test_accuracy,training_accuracy,test_mse,training_mse
run_regressor,0.174587965012,0.121582992914,0.014782424166,LinR,False,92,21114,True,hours-per-week,,,129.353152831,125.679715165

Running ML for column "native-country"
function,runtime_seconds,target_stdev,target_variance,algo,target_is_continuous,target_num_unique,num_rows,target_is_numerical,column_name,test_accuracy,training_accuracy,test_mse,training_mse
run_classifier,40.4171450138,,,LogRC,False,41,21114,False,native-country,0.911251105217,0.912143601402,,
function,runtime_seconds,target_stdev,target_variance,algo,target_is_continuous,target_num_unique,num_rows,target_is_numerical,column_name,test_accuracy,training_accuracy,test_mse,training_mse
run_classifier,2.48041987419,,,DTC,False,41,21114,False,native-country,0.856542882405,0.970635597234,,
function,runtime_seconds,target_stdev,target_variance,algo,target_is_continuous,target_num_unique,num_rows,target_is_numerical,column_name,test_accuracy,training_accuracy,test_mse,training_mse
run_classifier,3.56584095955,,,RFC,False,41,21114,False,native-country,0.913461538462,0.979444918064,,
function,runtime_seconds,target_stdev,target_variance,algo,target_is_continuous,target_num_unique,num_rows,target_is_numerical,column_name,test_accuracy,training_accuracy,test_mse,training_mse
run_regressor,2.93736314774,,,RFR,False,41,21114,False,native-country,,,36.7557731604,12.4757353204
function,runtime_seconds,target_stdev,target_variance,algo,target_is_continuous,target_num_unique,num_rows,target_is_numerical,column_name,test_accuracy,training_accuracy,test_mse,training_mse
run_regressor,0.151654958725,,,LinR,False,41,21114,False,native-country,,,34.7892924717,36.7675415637
Running ML algos for input dataset "datasets/from_FD_paper/adult.csv"
1 loops, best of 1: 534 sec per loop
